2025-05-28 19:57:17,033 [INFO] TamGenRL initialized on device: cuda:0
2025-05-28 19:57:17,035 [INFO] Detected latent dimension: 256
2025-05-28 19:57:20,442 [INFO] ðŸš€ Starting TamGenRL feedback loop optimization
2025-05-28 19:57:20,444 [INFO]    Target: 10000 molecules Ã— 30 iterations
2025-05-28 19:57:20,445 [INFO]    Device: cuda:0, Batch size: 4
2025-05-28 19:57:20,446 [INFO] 
ðŸ”„ Iteration 1/30 (Î±=0.400)
2025-05-28 19:57:20,447 [INFO] ðŸŒ± Generating initial molecules with TamGen...
2025-05-28 19:57:20,542 [INFO] ðŸ“¦ Stored protein input: torch.Size([1, 83])
2025-05-28 19:58:01,394 [INFO] ðŸš€ Starting TamGenRL feedback loop optimization
2025-05-28 19:58:01,395 [INFO]    Target: 1000 molecules Ã— 10 iterations
2025-05-28 19:58:01,396 [INFO]    Device: cuda:0, Batch size: 4
2025-05-28 19:58:01,397 [INFO] 
ðŸ”„ Iteration 1/10 (Î±=0.400)
2025-05-28 19:58:01,398 [INFO] ðŸŒ± Generating initial molecules with TamGen...
2025-05-28 19:58:09,971 [INFO] ðŸš€ Starting TamGenRL feedback loop optimization
2025-05-28 19:58:09,972 [INFO]    Target: 1000 molecules Ã— 10 iterations
2025-05-28 19:58:09,973 [INFO]    Device: cuda:0, Batch size: 4
2025-05-28 19:58:09,975 [INFO] 
ðŸ”„ Iteration 1/10 (Î±=0.400)
2025-05-28 19:58:09,976 [INFO] ðŸŒ± Generating initial molecules with TamGen...
2025-05-28 19:58:35,610 [INFO]    âœ“ Generated 20 initial molecules
2025-05-28 19:58:35,611 [INFO]    âœ“ Diversity: 5/20 (25.00%)
2025-05-28 19:58:35,612 [WARNING] Low diversity detected (25.00% < 70.00%)
2025-05-28 19:58:35,613 [INFO] ðŸ“Š Optimizing latent space...
2025-05-28 19:58:37,775 [INFO]    âœ“ Saved results for iteration 1
2025-05-28 19:58:37,777 [INFO]    âœ“ Generated 20 molecules
2025-05-28 19:58:37,778 [INFO]    âœ“ Diversity: 5/20 (25.00%)
2025-05-28 19:58:37,780 [INFO]    âœ“ Reward: Î¼=1.727, Ïƒ=0.616, max=2.353
2025-05-28 19:58:37,781 [INFO]    âœ“ Time: 27.8s
2025-05-28 19:58:37,783 [INFO] 
ðŸ”„ Iteration 2/10 (Î±=0.369)
2025-05-28 19:58:37,784 [INFO] ðŸ”„ Generating from 20 latent vectors...
2025-05-28 19:58:44,251 [INFO]    âœ“ Generated 20/20 valid SMILES
2025-05-28 19:58:44,252 [INFO] ðŸ“Š Optimizing latent space...
2025-05-28 19:58:45,640 [INFO]    âœ“ Saved results for iteration 2
2025-05-28 19:58:45,641 [INFO]    âœ“ Generated 20 molecules
2025-05-28 19:58:45,643 [INFO]    âœ“ Diversity: 7/20 (35.00%)
2025-05-28 19:58:45,644 [INFO]    âœ“ Reward: Î¼=1.604, Ïƒ=0.473, max=2.353
2025-05-28 19:58:45,646 [INFO]    âœ“ Time: 7.9s
2025-05-28 19:58:45,648 [INFO] 
ðŸ”„ Iteration 3/10 (Î±=0.338)
2025-05-28 19:58:45,649 [INFO] ðŸ”„ Generating from 20 latent vectors...
2025-05-28 19:58:52,192 [INFO]    âœ“ Generated 20/20 valid SMILES
2025-05-28 19:58:52,194 [INFO] ðŸ“Š Optimizing latent space...
2025-05-28 19:58:54,326 [INFO]    âœ“ Saved results for iteration 3
2025-05-28 19:58:54,327 [INFO]    âœ“ Generated 20 molecules
2025-05-28 19:58:54,328 [INFO]    âœ“ Diversity: 6/20 (30.00%)
2025-05-28 19:58:54,330 [INFO]    âœ“ Reward: Î¼=1.859, Ïƒ=0.417, max=2.353
2025-05-28 19:58:54,332 [INFO]    âœ“ Time: 8.7s
2025-05-28 19:58:54,333 [INFO] 
ðŸ”„ Iteration 4/10 (Î±=0.307)
2025-05-28 19:58:54,335 [INFO] ðŸ”„ Generating from 20 latent vectors...
2025-05-28 19:59:00,864 [INFO]    âœ“ Generated 20/20 valid SMILES
2025-05-28 19:59:00,866 [INFO] ðŸ“Š Optimizing latent space...
2025-05-28 19:59:02,717 [INFO]    âœ“ Saved results for iteration 4
2025-05-28 19:59:02,718 [INFO]    âœ“ Generated 20 molecules
2025-05-28 19:59:02,720 [INFO]    âœ“ Diversity: 8/20 (40.00%)
2025-05-28 19:59:02,722 [INFO]    âœ“ Reward: Î¼=1.889, Ïƒ=0.273, max=2.353
2025-05-28 19:59:02,723 [INFO]    âœ“ Time: 8.4s
2025-05-28 19:59:02,725 [INFO] 
ðŸ”„ Iteration 5/10 (Î±=0.276)
2025-05-28 19:59:02,726 [INFO] ðŸ”„ Generating from 20 latent vectors...
2025-05-28 19:59:09,243 [INFO]    âœ“ Generated 20/20 valid SMILES
2025-05-28 19:59:09,246 [INFO] ðŸ“Š Optimizing latent space...
2025-05-28 19:59:11,038 [INFO]    âœ“ Saved results for iteration 5
2025-05-28 19:59:11,039 [INFO]    âœ“ Generated 20 molecules
2025-05-28 19:59:11,040 [INFO]    âœ“ Diversity: 9/20 (45.00%)
2025-05-28 19:59:11,042 [INFO]    âœ“ Reward: Î¼=1.893, Ïƒ=0.458, max=2.558
2025-05-28 19:59:11,044 [INFO]    âœ“ Time: 8.3s
2025-05-28 19:59:11,046 [INFO] 
ðŸ”„ Iteration 6/10 (Î±=0.244)
2025-05-28 19:59:11,047 [INFO] ðŸ”„ Generating from 20 latent vectors...
2025-05-28 20:10:15,431 [INFO] TamGenRL initialized on device: cuda:0
2025-05-28 20:10:15,432 [INFO] Detected latent dimension: 256
2025-05-28 20:10:32,187 [INFO] ðŸš€ Starting TamGenRL feedback loop optimization
2025-05-28 20:10:32,189 [INFO]    Target: 1000 molecules Ã— 10 iterations
2025-05-28 20:10:32,190 [INFO]    Device: cuda:0, Batch size: 4
2025-05-28 20:10:32,191 [INFO] 
ðŸ”„ Iteration 1/10 (Î±=0.400)
2025-05-28 20:10:32,193 [INFO] ðŸŒ± Generating initial molecules with TamGen...
2025-05-28 20:10:32,309 [INFO] ðŸ“¦ Stored protein input: torch.Size([1, 83])
2025-05-28 20:11:05,963 [INFO]    âœ“ Generated 20 initial molecules
2025-05-28 20:11:05,964 [INFO]    âœ“ Diversity: 5/20 (25.00%)
2025-05-28 20:11:05,965 [WARNING] Low diversity detected (25.00% < 70.00%)
2025-05-28 20:11:05,967 [INFO] ðŸ“Š Optimizing latent space...
2025-05-28 20:11:07,986 [INFO]    âœ“ Saved results for iteration 1
2025-05-28 20:11:07,988 [INFO]    âœ“ Generated 20 molecules
2025-05-28 20:11:07,990 [INFO]    âœ“ Diversity: 5/20 (25.00%)
2025-05-28 20:11:07,991 [INFO]    âœ“ Reward: Î¼=1.892, Ïƒ=0.644, max=2.573
2025-05-28 20:11:07,992 [INFO]    âœ“ Time: 35.8s
2025-05-28 20:11:07,994 [INFO] 
ðŸ”„ Iteration 2/10 (Î±=0.369)
2025-05-28 20:11:07,996 [INFO] ðŸ”„ Generating from 20 latent vectors...
2025-05-28 20:11:16,022 [INFO]    âœ“ Generated 20/20 valid SMILES
2025-05-28 20:11:16,024 [INFO] ðŸ“Š Optimizing latent space...
2025-05-28 20:11:17,508 [INFO]    âœ“ Saved results for iteration 2
2025-05-28 20:11:17,510 [INFO]    âœ“ Generated 20 molecules
2025-05-28 20:11:17,511 [INFO]    âœ“ Diversity: 7/20 (35.00%)
2025-05-28 20:11:17,513 [INFO]    âœ“ Reward: Î¼=1.846, Ïƒ=0.501, max=2.573
2025-05-28 20:11:17,515 [INFO]    âœ“ Time: 9.5s
2025-05-28 20:11:17,516 [INFO] 
ðŸ”„ Iteration 3/10 (Î±=0.338)
2025-05-28 20:11:17,517 [INFO] ðŸ”„ Generating from 20 latent vectors...
2025-05-28 20:11:25,700 [INFO]    âœ“ Generated 20/20 valid SMILES
2025-05-28 20:11:25,703 [INFO] ðŸ“Š Optimizing latent space...
2025-05-28 20:11:27,418 [INFO]    âœ“ Saved results for iteration 3
2025-05-28 20:11:27,420 [INFO]    âœ“ Generated 20 molecules
2025-05-28 20:11:27,421 [INFO]    âœ“ Diversity: 5/20 (25.00%)
2025-05-28 20:11:27,422 [INFO]    âœ“ Reward: Î¼=1.707, Ïƒ=0.482, max=2.573
2025-05-28 20:11:27,424 [INFO]    âœ“ Time: 9.9s
2025-05-28 20:11:27,426 [INFO] 
ðŸ”„ Iteration 4/10 (Î±=0.307)
2025-05-28 20:11:27,427 [INFO] ðŸ”„ Generating from 20 latent vectors...
2025-05-28 20:11:35,916 [INFO]    âœ“ Generated 20/20 valid SMILES
2025-05-28 20:11:35,917 [INFO] ðŸ“Š Optimizing latent space...
2025-05-28 20:11:38,328 [INFO]    âœ“ Saved results for iteration 4
2025-05-28 20:11:38,330 [INFO]    âœ“ Generated 20 molecules
2025-05-28 20:11:38,332 [INFO]    âœ“ Diversity: 4/20 (20.00%)
2025-05-28 20:11:38,334 [INFO]    âœ“ Reward: Î¼=1.901, Ïƒ=0.175, max=2.573
2025-05-28 20:11:38,335 [INFO]    âœ“ Time: 10.9s
2025-05-28 20:11:38,336 [INFO] 
ðŸ”„ Iteration 5/10 (Î±=0.276)
2025-05-28 20:11:38,338 [INFO] ðŸ”„ Generating from 20 latent vectors...
2025-05-28 20:11:46,943 [INFO]    âœ“ Generated 20/20 valid SMILES
2025-05-28 20:11:46,945 [INFO] ðŸ“Š Optimizing latent space...
2025-05-28 20:11:49,364 [INFO]    âœ“ Saved results for iteration 5
2025-05-28 20:11:49,365 [INFO]    âœ“ Generated 20 molecules
2025-05-28 20:11:49,367 [INFO]    âœ“ Diversity: 5/20 (25.00%)
2025-05-28 20:11:49,369 [INFO]    âœ“ Reward: Î¼=1.783, Ïƒ=0.372, max=2.187
2025-05-28 20:11:49,370 [INFO]    âœ“ Time: 11.0s
2025-05-28 20:11:49,371 [INFO] 
ðŸ”„ Iteration 6/10 (Î±=0.244)
2025-05-28 20:11:49,373 [INFO] ðŸ”„ Generating from 20 latent vectors...
2025-05-28 20:11:57,828 [INFO]    âœ“ Generated 20/20 valid SMILES
2025-05-28 20:11:57,829 [INFO] ðŸ“Š Optimizing latent space...
2025-05-28 20:12:00,038 [INFO]    âœ“ Saved results for iteration 6
2025-05-28 20:12:00,039 [INFO]    âœ“ Generated 20 molecules
2025-05-28 20:12:00,041 [INFO]    âœ“ Diversity: 5/20 (25.00%)
2025-05-28 20:12:00,043 [INFO]    âœ“ Reward: Î¼=2.020, Ïƒ=0.211, max=2.573
2025-05-28 20:12:00,044 [INFO]    âœ“ Time: 10.7s
2025-05-28 20:12:00,046 [INFO] 
ðŸ”„ Iteration 7/10 (Î±=0.213)
2025-05-28 20:12:00,047 [INFO] ðŸ”„ Generating from 20 latent vectors...
2025-05-28 20:12:08,864 [INFO]    âœ“ Generated 20/20 valid SMILES
2025-05-28 20:12:08,866 [INFO] ðŸ“Š Optimizing latent space...
2025-05-28 20:12:10,646 [INFO]    âœ“ Saved results for iteration 7
2025-05-28 20:12:10,648 [INFO]    âœ“ Generated 20 molecules
2025-05-28 20:12:10,649 [INFO]    âœ“ Diversity: 9/20 (45.00%)
2025-05-28 20:12:10,651 [INFO]    âœ“ Reward: Î¼=2.015, Ïƒ=0.728, max=3.096
2025-05-28 20:12:10,652 [INFO]    âœ“ Time: 10.6s
2025-05-28 20:12:10,653 [INFO] 
ðŸ”„ Iteration 8/10 (Î±=0.182)
2025-05-28 20:12:10,654 [INFO] ðŸ”„ Generating from 20 latent vectors...
2025-05-28 20:12:19,480 [INFO]    âœ“ Generated 20/20 valid SMILES
2025-05-28 20:12:19,483 [INFO] ðŸ“Š Optimizing latent space...
2025-05-28 20:12:21,235 [INFO]    âœ“ Saved results for iteration 8
2025-05-28 20:12:21,236 [INFO]    âœ“ Generated 20 molecules
2025-05-28 20:12:21,238 [INFO]    âœ“ Diversity: 9/20 (45.00%)
2025-05-28 20:12:21,240 [INFO]    âœ“ Reward: Î¼=2.131, Ïƒ=0.554, max=3.096
2025-05-28 20:12:21,242 [INFO]    âœ“ Time: 10.6s
2025-05-28 20:12:21,243 [INFO] 
ðŸ”„ Iteration 9/10 (Î±=0.151)
2025-05-28 20:12:21,245 [INFO] ðŸ”„ Generating from 20 latent vectors...
2025-05-28 20:12:30,128 [INFO]    âœ“ Generated 20/20 valid SMILES
2025-05-28 20:12:30,129 [INFO] ðŸ“Š Optimizing latent space...
2025-05-28 20:12:31,713 [INFO]    âœ“ Saved results for iteration 9
2025-05-28 20:12:31,714 [INFO]    âœ“ Generated 20 molecules
2025-05-28 20:12:31,716 [INFO]    âœ“ Diversity: 16/20 (80.00%)
2025-05-28 20:12:31,717 [INFO]    âœ“ Reward: Î¼=2.065, Ïƒ=0.645, max=3.096
2025-05-28 20:12:31,719 [INFO]    âœ“ Time: 10.5s
2025-05-28 20:12:31,720 [INFO] 
ðŸ”„ Iteration 10/10 (Î±=0.120)
2025-05-28 20:12:31,722 [INFO] ðŸ”„ Generating from 20 latent vectors...
2025-05-28 20:12:40,265 [INFO]    âœ“ Generated 20/20 valid SMILES
2025-05-28 20:12:40,266 [INFO] ðŸ“Š Optimizing latent space...
2025-05-28 20:12:41,671 [INFO]    âœ“ Saved results for iteration 10
2025-05-28 20:12:41,672 [INFO]    âœ“ Generated 20 molecules
2025-05-28 20:12:41,673 [INFO]    âœ“ Diversity: 16/20 (80.00%)
2025-05-28 20:12:41,675 [INFO]    âœ“ Reward: Î¼=1.865, Ïƒ=0.599, max=2.819
2025-05-28 20:12:41,677 [INFO]    âœ“ Time: 10.0s
2025-05-28 20:12:41,679 [INFO] 
ðŸ“ˆ Final Optimization Summary:
2025-05-28 20:12:41,680 [INFO]    Iteration | Molecules | Unique | Mean Reward | Max Reward | Time
2025-05-28 20:12:41,681 [INFO]    ---------|-----------|--------|-------------|------------|-----
2025-05-28 20:12:41,682 [INFO]           1 |        20 |      5 |       1.892 |      2.573 | 35.8s
2025-05-28 20:12:41,684 [INFO]           2 |        20 |      7 |       1.846 |      2.573 |  9.5s
2025-05-28 20:12:41,685 [INFO]           3 |        20 |      5 |       1.707 |      2.573 |  9.9s
2025-05-28 20:12:41,686 [INFO]           4 |        20 |      4 |       1.901 |      2.573 | 10.9s
2025-05-28 20:12:41,688 [INFO]           5 |        20 |      5 |       1.783 |      2.187 | 11.0s
2025-05-28 20:12:41,689 [INFO]           6 |        20 |      5 |       2.020 |      2.573 | 10.7s
2025-05-28 20:12:41,690 [INFO]           7 |        20 |      9 |       2.015 |      3.096 | 10.6s
2025-05-28 20:12:41,692 [INFO]           8 |        20 |      9 |       2.131 |      3.096 | 10.6s
2025-05-28 20:12:41,693 [INFO]           9 |        20 |     16 |       2.065 |      3.096 | 10.5s
2025-05-28 20:12:41,695 [INFO]          10 |        20 |     16 |       1.865 |      2.819 |  9.9s
2025-05-28 20:12:41,696 [INFO] 
   ðŸ’¡ Reward improvement: -0.028
2025-05-28 20:12:41,698 [INFO]    ðŸŽ¯ Final diversity: 80.00%
2025-05-28 20:12:41,699 [INFO]    â±ï¸  Total time: 129.4s
2025-05-28 20:12:41,700 [INFO] ðŸŽ‰ TamGenRL optimization complete!
2025-06-01 07:56:16,013 [INFO] TamGenRL initialized on device: cuda:0
2025-06-01 07:56:16,015 [INFO] Detected latent dimension: 256
2025-06-01 07:56:19,309 [INFO] ðŸš€ Starting TamGenRL feedback loop optimization
2025-06-01 07:56:19,311 [INFO]    Target: 1000 molecules Ã— 10 iterations
2025-06-01 07:56:19,312 [INFO]    Device: cuda:0, Batch size: 4
2025-06-01 07:56:19,313 [INFO] 
ðŸ”„ Iteration 1/10 (Î±=0.400)
2025-06-01 07:56:19,314 [INFO] ðŸŒ± Generating initial molecules with TamGen...
2025-06-01 07:56:19,503 [INFO] ðŸ“¦ Stored protein input: torch.Size([1, 83])
2025-06-01 07:56:48,778 [INFO]    âœ“ Generated 20 initial molecules
2025-06-01 07:56:48,779 [INFO]    âœ“ Diversity: 5/20 (25.00%)
2025-06-01 07:56:48,780 [WARNING] Low diversity detected (25.00% < 70.00%)
2025-06-01 07:56:48,781 [INFO] ðŸ“Š Optimizing latent space...
2025-06-01 07:56:51,416 [INFO]    âœ“ Saved results for iteration 1
2025-06-01 07:56:51,418 [INFO]    âœ“ Generated 20 molecules
2025-06-01 07:56:51,420 [INFO]    âœ“ Diversity: 5/20 (25.00%)
2025-06-01 07:56:51,421 [INFO]    âœ“ Reward: Î¼=1.892, Ïƒ=0.644, max=2.573
2025-06-01 07:56:51,423 [INFO]    âœ“ Time: 32.1s
2025-06-01 07:56:51,424 [INFO] 
ðŸ”„ Iteration 2/10 (Î±=0.369)
2025-06-01 07:56:51,426 [INFO] ðŸ”„ Generating from 20 latent vectors...
2025-06-01 07:56:58,009 [INFO]    âœ“ Generated 20/20 valid SMILES
2025-06-01 07:56:58,012 [INFO] ðŸ“Š Optimizing latent space...
2025-06-01 07:56:59,395 [INFO]    âœ“ Saved results for iteration 2
2025-06-01 07:56:59,397 [INFO]    âœ“ Generated 20 molecules
2025-06-01 07:56:59,398 [INFO]    âœ“ Diversity: 11/20 (55.00%)
2025-06-01 07:56:59,399 [INFO]    âœ“ Reward: Î¼=1.859, Ïƒ=0.719, max=3.099
2025-06-01 07:56:59,401 [INFO]    âœ“ Time: 8.0s
2025-06-01 07:56:59,403 [INFO] 
ðŸ”„ Iteration 3/10 (Î±=0.338)
2025-06-01 07:56:59,405 [INFO] ðŸ”„ Generating from 20 latent vectors...
2025-06-01 07:57:06,199 [INFO]    âœ“ Generated 20/20 valid SMILES
2025-06-01 07:57:06,202 [INFO] ðŸ“Š Optimizing latent space...
2025-06-01 07:57:07,879 [INFO]    âœ“ Saved results for iteration 3
2025-06-01 07:57:07,881 [INFO]    âœ“ Generated 20 molecules
2025-06-01 07:57:07,882 [INFO]    âœ“ Diversity: 8/20 (40.00%)
2025-06-01 07:57:07,883 [INFO]    âœ“ Reward: Î¼=1.942, Ïƒ=0.643, max=3.099
2025-06-01 07:57:07,886 [INFO]    âœ“ Time: 8.5s
2025-06-01 07:57:07,887 [INFO] 
ðŸ”„ Iteration 4/10 (Î±=0.307)
2025-06-01 07:57:07,889 [INFO] ðŸ”„ Generating from 20 latent vectors...
2025-06-01 07:57:14,665 [INFO]    âœ“ Generated 20/20 valid SMILES
2025-06-01 07:57:14,668 [INFO] ðŸ“Š Optimizing latent space...
2025-06-01 07:57:16,352 [INFO]    âœ“ Saved results for iteration 4
2025-06-01 07:57:16,353 [INFO]    âœ“ Generated 20 molecules
2025-06-01 07:57:16,355 [INFO]    âœ“ Diversity: 6/20 (30.00%)
2025-06-01 07:57:16,356 [INFO]    âœ“ Reward: Î¼=1.866, Ïƒ=0.386, max=2.818
2025-06-01 07:57:16,358 [INFO]    âœ“ Time: 8.5s
2025-06-01 07:57:16,359 [INFO] 
ðŸ”„ Iteration 5/10 (Î±=0.276)
2025-06-01 07:57:16,361 [INFO] ðŸ”„ Generating from 20 latent vectors...
2025-06-01 07:57:23,138 [INFO]    âœ“ Generated 20/20 valid SMILES
2025-06-01 07:57:23,141 [INFO] ðŸ“Š Optimizing latent space...
2025-06-01 07:57:24,741 [INFO]    âœ“ Saved results for iteration 5
2025-06-01 07:57:24,743 [INFO]    âœ“ Generated 20 molecules
2025-06-01 07:57:24,744 [INFO]    âœ“ Diversity: 8/20 (40.00%)
2025-06-01 07:57:24,746 [INFO]    âœ“ Reward: Î¼=1.971, Ïƒ=0.656, max=3.071
2025-06-01 07:57:24,748 [INFO]    âœ“ Time: 8.4s
2025-06-01 07:57:24,749 [INFO] 
ðŸ”„ Iteration 6/10 (Î±=0.244)
2025-06-01 07:57:24,750 [INFO] ðŸ”„ Generating from 20 latent vectors...
2025-06-01 07:57:31,389 [INFO]    âœ“ Generated 20/20 valid SMILES
2025-06-01 07:57:31,391 [INFO] ðŸ“Š Optimizing latent space...
2025-06-01 07:57:32,795 [INFO]    âœ“ Saved results for iteration 6
2025-06-01 07:57:32,796 [INFO]    âœ“ Generated 20 molecules
2025-06-01 07:57:32,798 [INFO]    âœ“ Diversity: 6/20 (30.00%)
2025-06-01 07:57:32,799 [INFO]    âœ“ Reward: Î¼=2.460, Ïƒ=0.580, max=3.127
2025-06-01 07:57:32,801 [INFO]    âœ“ Time: 8.1s
2025-06-01 07:57:32,802 [INFO] 
ðŸ”„ Iteration 7/10 (Î±=0.213)
2025-06-01 07:57:32,804 [INFO] ðŸ”„ Generating from 20 latent vectors...
2025-06-01 07:57:39,537 [INFO]    âœ“ Generated 20/20 valid SMILES
2025-06-01 07:57:39,541 [INFO] ðŸ“Š Optimizing latent space...
2025-06-01 07:57:40,998 [INFO]    âœ“ Saved results for iteration 7
2025-06-01 07:57:41,000 [INFO]    âœ“ Generated 20 molecules
2025-06-01 07:57:41,001 [INFO]    âœ“ Diversity: 8/20 (40.00%)
2025-06-01 07:57:41,002 [INFO]    âœ“ Reward: Î¼=2.382, Ïƒ=0.753, max=3.127
2025-06-01 07:57:41,004 [INFO]    âœ“ Time: 8.2s
2025-06-01 07:57:41,005 [INFO] 
ðŸ”„ Iteration 8/10 (Î±=0.182)
2025-06-01 07:57:41,006 [INFO] ðŸ”„ Generating from 20 latent vectors...
2025-06-01 07:57:47,841 [INFO]    âœ“ Generated 20/20 valid SMILES
2025-06-01 07:57:47,844 [INFO] ðŸ“Š Optimizing latent space...
2025-06-01 07:57:49,070 [INFO]    âœ“ Saved results for iteration 8
2025-06-01 07:57:49,072 [INFO]    âœ“ Generated 20 molecules
2025-06-01 07:57:49,073 [INFO]    âœ“ Diversity: 11/20 (55.00%)
2025-06-01 07:57:49,074 [INFO]    âœ“ Reward: Î¼=2.478, Ïƒ=0.583, max=3.127
2025-06-01 07:57:49,076 [INFO]    âœ“ Time: 8.1s
2025-06-01 07:57:49,078 [INFO] 
ðŸ”„ Iteration 9/10 (Î±=0.151)
2025-06-01 07:57:49,080 [INFO] ðŸ”„ Generating from 20 latent vectors...
2025-06-01 07:57:56,023 [INFO]    âœ“ Generated 20/20 valid SMILES
2025-06-01 07:57:56,024 [INFO] ðŸ“Š Optimizing latent space...
2025-06-01 07:57:57,593 [INFO]    âœ“ Saved results for iteration 9
2025-06-01 07:57:57,594 [INFO]    âœ“ Generated 20 molecules
2025-06-01 07:57:57,596 [INFO]    âœ“ Diversity: 8/20 (40.00%)
2025-06-01 07:57:57,597 [INFO]    âœ“ Reward: Î¼=2.590, Ïƒ=0.576, max=3.213
2025-06-01 07:57:57,599 [INFO]    âœ“ Time: 8.5s
2025-06-01 07:57:57,600 [INFO] 
ðŸ”„ Iteration 10/10 (Î±=0.120)
2025-06-01 07:57:57,602 [INFO] ðŸ”„ Generating from 20 latent vectors...
2025-06-01 07:58:04,607 [INFO]    âœ“ Generated 20/20 valid SMILES
2025-06-01 07:58:04,609 [INFO] ðŸ“Š Optimizing latent space...
2025-06-01 07:58:06,104 [INFO]    âœ“ Saved results for iteration 10
2025-06-01 07:58:06,105 [INFO]    âœ“ Generated 20 molecules
2025-06-01 07:58:06,106 [INFO]    âœ“ Diversity: 10/20 (50.00%)
2025-06-01 07:58:06,109 [INFO]    âœ“ Reward: Î¼=2.497, Ïƒ=0.822, max=3.216
2025-06-01 07:58:06,110 [INFO]    âœ“ Time: 8.5s
2025-06-01 07:58:06,112 [INFO] 
ðŸ“ˆ Final Optimization Summary:
2025-06-01 07:58:06,113 [INFO]    Iteration | Molecules | Unique | Mean Reward | Max Reward | Time
2025-06-01 07:58:06,114 [INFO]    ---------|-----------|--------|-------------|------------|-----
2025-06-01 07:58:06,115 [INFO]           1 |        20 |      5 |       1.892 |      2.573 | 32.1s
2025-06-01 07:58:06,116 [INFO]           2 |        20 |     11 |       1.859 |      3.099 |  8.0s
2025-06-01 07:58:06,118 [INFO]           3 |        20 |      8 |       1.942 |      3.099 |  8.5s
2025-06-01 07:58:06,120 [INFO]           4 |        20 |      6 |       1.866 |      2.818 |  8.5s
2025-06-01 07:58:06,121 [INFO]           5 |        20 |      8 |       1.971 |      3.071 |  8.4s
2025-06-01 07:58:06,123 [INFO]           6 |        20 |      6 |       2.460 |      3.127 |  8.0s
2025-06-01 07:58:06,124 [INFO]           7 |        20 |      8 |       2.382 |      3.127 |  8.2s
2025-06-01 07:58:06,125 [INFO]           8 |        20 |     11 |       2.478 |      3.127 |  8.1s
2025-06-01 07:58:06,126 [INFO]           9 |        20 |      8 |       2.590 |      3.213 |  8.5s
2025-06-01 07:58:06,127 [INFO]          10 |        20 |     10 |       2.497 |      3.216 |  8.5s
2025-06-01 07:58:06,130 [INFO] 
   ðŸ’¡ Reward improvement: +0.605
2025-06-01 07:58:06,131 [INFO]    ðŸŽ¯ Final diversity: 50.00%
2025-06-01 07:58:06,132 [INFO]    â±ï¸  Total time: 106.7s
2025-06-01 07:58:06,133 [INFO] ðŸŽ‰ TamGenRL optimization complete!
2025-06-01 08:04:45,289 [INFO] ðŸš€ Starting TamGenRL feedback loop optimization
2025-06-01 08:04:45,290 [INFO]    Target: 1000 molecules Ã— 10 iterations
2025-06-01 08:04:45,292 [INFO]    Device: cuda:0, Batch size: 4
2025-06-01 08:04:45,293 [INFO] 
ðŸ”„ Iteration 1/10 (Î±=0.400)
2025-06-01 08:04:45,295 [INFO] ðŸŒ± Generating initial molecules with TamGen...
2025-06-01 08:05:12,831 [INFO]    âœ“ Generated 20 initial molecules
2025-06-01 08:05:12,832 [INFO]    âœ“ Diversity: 5/20 (25.00%)
2025-06-01 08:05:12,833 [WARNING] Low diversity detected (25.00% < 70.00%)
2025-06-01 08:05:12,834 [INFO] ðŸ“Š Optimizing latent space...
2025-06-01 08:05:14,113 [INFO]    âœ“ Saved results for iteration 1
2025-06-01 08:05:14,114 [INFO]    âœ“ Generated 20 molecules
2025-06-01 08:05:14,115 [INFO]    âœ“ Diversity: 5/20 (25.00%)
2025-06-01 08:05:14,117 [INFO]    âœ“ Reward: Î¼=1.892, Ïƒ=0.644, max=2.573
2025-06-01 08:05:14,118 [INFO]    âœ“ Time: 28.8s
2025-06-01 08:05:14,120 [INFO] 
ðŸ”„ Iteration 2/10 (Î±=0.369)
2025-06-01 08:05:14,121 [INFO] ðŸ”„ Generating from 20 latent vectors...
2025-06-01 08:05:20,559 [INFO]    âœ“ Generated 20/20 valid SMILES
2025-06-01 08:05:20,560 [INFO] ðŸ“Š Optimizing latent space...
2025-06-01 08:05:21,791 [INFO]    âœ“ Saved results for iteration 2
2025-06-01 08:05:21,793 [INFO]    âœ“ Generated 20 molecules
2025-06-01 08:05:21,794 [INFO]    âœ“ Diversity: 6/20 (30.00%)
2025-06-01 08:05:21,796 [INFO]    âœ“ Reward: Î¼=2.083, Ïƒ=0.749, max=2.751
2025-06-01 08:05:21,798 [INFO]    âœ“ Time: 7.7s
2025-06-01 08:05:21,800 [INFO] 
ðŸ”„ Iteration 3/10 (Î±=0.338)
2025-06-01 08:05:21,801 [INFO] ðŸ”„ Generating from 20 latent vectors...
2025-06-01 08:05:28,373 [INFO]    âœ“ Generated 20/20 valid SMILES
2025-06-01 08:05:28,374 [INFO] ðŸ“Š Optimizing latent space...
2025-06-01 08:05:29,810 [INFO]    âœ“ Saved results for iteration 3
2025-06-01 08:05:29,812 [INFO]    âœ“ Generated 20 molecules
2025-06-01 08:05:29,813 [INFO]    âœ“ Diversity: 4/20 (20.00%)
2025-06-01 08:05:29,815 [INFO]    âœ“ Reward: Î¼=2.259, Ïƒ=0.646, max=2.751
2025-06-01 08:05:29,817 [INFO]    âœ“ Time: 8.0s
2025-06-01 08:05:29,818 [INFO] 
ðŸ”„ Iteration 4/10 (Î±=0.307)
2025-06-01 08:05:29,820 [INFO] ðŸ”„ Generating from 20 latent vectors...
2025-06-01 08:05:36,048 [INFO]    âœ“ Generated 20/20 valid SMILES
2025-06-01 08:05:36,049 [INFO] ðŸ“Š Optimizing latent space...
2025-06-01 08:05:37,396 [INFO]    âœ“ Saved results for iteration 4
2025-06-01 08:05:37,398 [INFO]    âœ“ Generated 20 molecules
2025-06-01 08:05:37,399 [INFO]    âœ“ Diversity: 6/20 (30.00%)
2025-06-01 08:05:37,400 [INFO]    âœ“ Reward: Î¼=2.476, Ïƒ=0.589, max=3.127
2025-06-01 08:05:37,402 [INFO]    âœ“ Time: 7.6s
2025-06-01 08:05:37,404 [INFO] 
ðŸ”„ Iteration 5/10 (Î±=0.276)
2025-06-01 08:05:37,405 [INFO] ðŸ”„ Generating from 20 latent vectors...
2025-06-01 08:05:43,994 [INFO]    âœ“ Generated 20/20 valid SMILES
2025-06-01 08:05:43,997 [INFO] ðŸ“Š Optimizing latent space...
2025-06-01 08:05:45,508 [INFO]    âœ“ Saved results for iteration 5
2025-06-01 08:05:45,509 [INFO]    âœ“ Generated 20 molecules
2025-06-01 08:05:45,511 [INFO]    âœ“ Diversity: 9/20 (45.00%)
2025-06-01 08:05:45,513 [INFO]    âœ“ Reward: Î¼=2.476, Ïƒ=0.473, max=3.127
2025-06-01 08:05:45,514 [INFO]    âœ“ Time: 8.1s
2025-06-01 08:05:45,516 [INFO] 
ðŸ”„ Iteration 6/10 (Î±=0.244)
2025-06-01 08:05:45,517 [INFO] ðŸ”„ Generating from 20 latent vectors...
2025-06-01 08:05:51,970 [INFO]    âœ“ Generated 20/20 valid SMILES
2025-06-01 08:05:51,971 [INFO] ðŸ“Š Optimizing latent space...
2025-06-01 08:05:53,665 [INFO]    âœ“ Saved results for iteration 6
2025-06-01 08:05:53,666 [INFO]    âœ“ Generated 20 molecules
2025-06-01 08:05:53,667 [INFO]    âœ“ Diversity: 10/20 (50.00%)
2025-06-01 08:05:53,669 [INFO]    âœ“ Reward: Î¼=2.472, Ïƒ=0.613, max=3.027
2025-06-01 08:05:53,671 [INFO]    âœ“ Time: 8.2s
2025-06-01 08:05:53,673 [INFO] 
ðŸ”„ Iteration 7/10 (Î±=0.213)
2025-06-01 08:05:53,674 [INFO] ðŸ”„ Generating from 20 latent vectors...
2025-06-01 08:06:00,074 [INFO]    âœ“ Generated 20/20 valid SMILES
2025-06-01 08:06:00,075 [INFO] ðŸ“Š Optimizing latent space...
2025-06-01 08:06:01,609 [INFO]    âœ“ Saved results for iteration 7
2025-06-01 08:06:01,610 [INFO]    âœ“ Generated 20 molecules
2025-06-01 08:06:01,612 [INFO]    âœ“ Diversity: 9/20 (45.00%)
2025-06-01 08:06:01,614 [INFO]    âœ“ Reward: Î¼=2.534, Ïƒ=0.792, max=3.027
2025-06-01 08:06:01,615 [INFO]    âœ“ Time: 7.9s
2025-06-01 08:06:01,617 [INFO] 
ðŸ”„ Iteration 8/10 (Î±=0.182)
2025-06-01 08:06:01,618 [INFO] ðŸ”„ Generating from 20 latent vectors...
2025-06-01 08:06:07,795 [INFO]    âœ“ Generated 20/20 valid SMILES
2025-06-01 08:06:07,796 [INFO] ðŸ“Š Optimizing latent space...
2025-06-01 08:06:09,265 [INFO]    âœ“ Saved results for iteration 8
2025-06-01 08:06:09,267 [INFO]    âœ“ Generated 20 molecules
2025-06-01 08:06:09,268 [INFO]    âœ“ Diversity: 7/20 (35.00%)
2025-06-01 08:06:09,271 [INFO]    âœ“ Reward: Î¼=2.838, Ïƒ=0.289, max=3.027
2025-06-01 08:06:09,272 [INFO]    âœ“ Time: 7.7s
2025-06-01 08:06:09,274 [INFO] 
ðŸ”„ Iteration 9/10 (Î±=0.151)
2025-06-01 08:06:09,277 [INFO] ðŸ”„ Generating from 20 latent vectors...
2025-06-01 08:06:15,158 [INFO]    âœ“ Generated 20/20 valid SMILES
2025-06-01 08:06:15,160 [INFO] ðŸ“Š Optimizing latent space...
2025-06-01 08:06:16,560 [INFO]    âœ“ Saved results for iteration 9
2025-06-01 08:06:16,561 [INFO]    âœ“ Generated 20 molecules
2025-06-01 08:06:16,562 [INFO]    âœ“ Diversity: 9/20 (45.00%)
2025-06-01 08:06:16,565 [INFO]    âœ“ Reward: Î¼=2.693, Ïƒ=0.549, max=3.027
2025-06-01 08:06:16,566 [INFO]    âœ“ Time: 7.3s
2025-06-01 08:06:16,568 [INFO] 
ðŸ”„ Iteration 10/10 (Î±=0.120)
2025-06-01 08:06:16,570 [INFO] ðŸ”„ Generating from 20 latent vectors...
2025-06-01 08:06:22,635 [INFO]    âœ“ Generated 20/20 valid SMILES
2025-06-01 08:06:22,636 [INFO] ðŸ“Š Optimizing latent space...
2025-06-01 08:06:23,994 [INFO]    âœ“ Saved results for iteration 10
2025-06-01 08:06:23,995 [INFO]    âœ“ Generated 20 molecules
2025-06-01 08:06:23,997 [INFO]    âœ“ Diversity: 15/20 (75.00%)
2025-06-01 08:06:23,999 [INFO]    âœ“ Reward: Î¼=2.582, Ïƒ=0.792, max=3.316
2025-06-01 08:06:24,000 [INFO]    âœ“ Time: 7.4s
2025-06-01 08:06:24,004 [INFO] 
ðŸ“ˆ Final Optimization Summary:
2025-06-01 08:06:24,005 [INFO]    Iteration | Molecules | Unique | Mean Reward | Max Reward | Time
2025-06-01 08:06:24,006 [INFO]    ---------|-----------|--------|-------------|------------|-----
2025-06-01 08:06:24,008 [INFO]           1 |        20 |      5 |       1.892 |      2.573 | 28.8s
2025-06-01 08:06:24,011 [INFO]           2 |        20 |      6 |       2.083 |      2.751 |  7.7s
2025-06-01 08:06:24,012 [INFO]           3 |        20 |      4 |       2.259 |      2.751 |  8.0s
2025-06-01 08:06:24,014 [INFO]           4 |        20 |      6 |       2.476 |      3.127 |  7.6s
2025-06-01 08:06:24,015 [INFO]           5 |        20 |      9 |       2.476 |      3.127 |  8.1s
2025-06-01 08:06:24,017 [INFO]           6 |        20 |     10 |       2.472 |      3.027 |  8.1s
2025-06-01 08:06:24,020 [INFO]           7 |        20 |      9 |       2.534 |      3.027 |  7.9s
2025-06-01 08:06:24,022 [INFO]           8 |        20 |      7 |       2.838 |      3.027 |  7.6s
2025-06-01 08:06:24,023 [INFO]           9 |        20 |      9 |       2.693 |      3.027 |  7.3s
2025-06-01 08:06:24,025 [INFO]          10 |        20 |     15 |       2.582 |      3.316 |  7.4s
2025-06-01 08:06:24,027 [INFO] 
   ðŸ’¡ Reward improvement: +0.690
2025-06-01 08:06:24,028 [INFO]    ðŸŽ¯ Final diversity: 75.00%
2025-06-01 08:06:24,030 [INFO]    â±ï¸  Total time: 98.6s
2025-06-01 08:06:24,031 [INFO] ðŸŽ‰ TamGenRL optimization complete!
2025-06-01 08:59:17,007 [INFO] TamGenRL initialized on device: cuda:0
2025-06-01 08:59:17,008 [INFO] Detected latent dimension: 256
2025-06-01 08:59:26,683 [INFO] ðŸš€ Starting TamGenRL feedback loop optimization
2025-06-01 08:59:26,684 [INFO]    Target: 1000 molecules Ã— 10 iterations
2025-06-01 08:59:26,685 [INFO]    Device: cuda:0, Batch size: 4
2025-06-01 08:59:26,686 [INFO] 
ðŸ”„ Iteration 1/10 (Î±=0.400)
2025-06-01 08:59:26,688 [INFO] ðŸŒ± Generating initial molecules with TamGen...
2025-06-01 08:59:26,802 [INFO] ðŸ“¦ Stored protein input: torch.Size([1, 83])
2025-06-01 08:59:55,003 [INFO]    âœ“ Generated 20 initial molecules
2025-06-01 08:59:55,004 [INFO]    âœ“ Diversity: 5/20 (25.00%)
2025-06-01 08:59:55,005 [WARNING] Low diversity detected (25.00% < 70.00%)
2025-06-01 08:59:55,007 [INFO] ðŸ“Š Optimizing latent space...
2025-06-01 08:59:57,117 [INFO]    âœ“ Saved results for iteration 1
2025-06-01 08:59:57,119 [INFO]    âœ“ Generated 20 molecules
2025-06-01 08:59:57,120 [INFO]    âœ“ Diversity: 5/20 (25.00%)
2025-06-01 08:59:57,121 [INFO]    âœ“ Reward: Î¼=1.892, Ïƒ=0.644, max=2.573
2025-06-01 08:59:57,123 [INFO]    âœ“ Time: 30.4s
2025-06-01 08:59:57,125 [INFO] 
ðŸ”„ Iteration 2/10 (Î±=0.369)
2025-06-01 08:59:57,126 [INFO] ðŸ”„ Generating from 20 latent vectors...
2025-06-01 09:00:03,868 [INFO]    âœ“ Generated 20/20 valid SMILES
2025-06-01 09:00:03,870 [INFO] ðŸ“Š Optimizing latent space...
2025-06-01 09:00:05,581 [INFO]    âœ“ Saved results for iteration 2
2025-06-01 09:00:05,582 [INFO]    âœ“ Generated 20 molecules
2025-06-01 09:00:05,583 [INFO]    âœ“ Diversity: 7/20 (35.00%)
2025-06-01 09:00:05,585 [INFO]    âœ“ Reward: Î¼=1.924, Ïƒ=0.334, max=2.573
2025-06-01 09:00:05,587 [INFO]    âœ“ Time: 8.5s
2025-06-01 09:00:05,589 [INFO] 
ðŸ”„ Iteration 3/10 (Î±=0.338)
2025-06-01 09:00:05,590 [INFO] ðŸ”„ Generating from 20 latent vectors...
2025-06-01 09:00:12,294 [INFO]    âœ“ Generated 20/20 valid SMILES
2025-06-01 09:00:12,296 [INFO] ðŸ“Š Optimizing latent space...
2025-06-01 09:00:14,162 [INFO]    âœ“ Saved results for iteration 3
2025-06-01 09:00:14,164 [INFO]    âœ“ Generated 20 molecules
2025-06-01 09:00:14,165 [INFO]    âœ“ Diversity: 9/20 (45.00%)
2025-06-01 09:00:14,167 [INFO]    âœ“ Reward: Î¼=1.957, Ïƒ=0.423, max=2.809
2025-06-01 09:00:14,168 [INFO]    âœ“ Time: 8.6s
2025-06-01 09:00:14,170 [INFO] 
ðŸ”„ Iteration 4/10 (Î±=0.307)
2025-06-01 09:00:14,171 [INFO] ðŸ”„ Generating from 20 latent vectors...
2025-06-01 09:00:20,849 [INFO]    âœ“ Generated 20/20 valid SMILES
2025-06-01 09:00:20,852 [INFO] ðŸ“Š Optimizing latent space...
2025-06-01 09:00:22,698 [INFO]    âœ“ Saved results for iteration 4
2025-06-01 09:00:22,700 [INFO]    âœ“ Generated 20 molecules
2025-06-01 09:00:22,701 [INFO]    âœ“ Diversity: 8/20 (40.00%)
2025-06-01 09:00:22,702 [INFO]    âœ“ Reward: Î¼=1.999, Ïƒ=0.454, max=3.132
2025-06-01 09:00:22,704 [INFO]    âœ“ Time: 8.5s
2025-06-01 09:00:22,705 [INFO] 
ðŸ”„ Iteration 5/10 (Î±=0.276)
2025-06-01 09:00:22,707 [INFO] ðŸ”„ Generating from 20 latent vectors...
2025-06-01 09:00:29,358 [INFO]    âœ“ Generated 20/20 valid SMILES
2025-06-01 09:00:29,361 [INFO] ðŸ“Š Optimizing latent space...
2025-06-01 09:00:31,162 [INFO]    âœ“ Saved results for iteration 5
2025-06-01 09:00:31,164 [INFO]    âœ“ Generated 20 molecules
2025-06-01 09:00:31,165 [INFO]    âœ“ Diversity: 9/20 (45.00%)
2025-06-01 09:00:31,166 [INFO]    âœ“ Reward: Î¼=1.887, Ïƒ=0.606, max=2.809
2025-06-01 09:00:31,168 [INFO]    âœ“ Time: 8.5s
2025-06-01 09:00:31,169 [INFO] 
ðŸ”„ Iteration 6/10 (Î±=0.244)
2025-06-01 09:00:31,171 [INFO] ðŸ”„ Generating from 20 latent vectors...
2025-06-01 09:00:37,782 [INFO]    âœ“ Generated 20/20 valid SMILES
2025-06-01 09:00:37,784 [INFO] ðŸ“Š Optimizing latent space...
2025-06-01 09:00:39,806 [INFO]    âœ“ Saved results for iteration 6
2025-06-01 09:00:39,808 [INFO]    âœ“ Generated 20 molecules
2025-06-01 09:00:39,809 [INFO]    âœ“ Diversity: 5/20 (25.00%)
2025-06-01 09:00:39,810 [INFO]    âœ“ Reward: Î¼=2.104, Ïƒ=0.364, max=2.818
2025-06-01 09:00:39,812 [INFO]    âœ“ Time: 8.6s
2025-06-01 09:00:39,813 [INFO] 
ðŸ”„ Iteration 7/10 (Î±=0.213)
2025-06-01 09:00:39,814 [INFO] ðŸ”„ Generating from 20 latent vectors...
2025-06-01 09:00:46,313 [INFO]    âœ“ Generated 20/20 valid SMILES
2025-06-01 09:00:46,314 [INFO] ðŸ“Š Optimizing latent space...
2025-06-01 09:00:48,050 [INFO]    âœ“ Saved results for iteration 7
2025-06-01 09:00:48,051 [INFO]    âœ“ Generated 20 molecules
2025-06-01 09:00:48,052 [INFO]    âœ“ Diversity: 13/20 (65.00%)
2025-06-01 09:00:48,054 [INFO]    âœ“ Reward: Î¼=2.265, Ïƒ=0.494, max=3.127
2025-06-01 09:00:48,056 [INFO]    âœ“ Time: 8.2s
2025-06-01 09:00:48,058 [INFO] 
ðŸ”„ Iteration 8/10 (Î±=0.182)
2025-06-01 09:00:48,059 [INFO] ðŸ”„ Generating from 20 latent vectors...
2025-06-01 09:00:54,684 [INFO]    âœ“ Generated 18/20 valid SMILES
2025-06-01 09:00:54,686 [INFO] ðŸ“Š Optimizing latent space...
2025-06-01 09:00:55,270 [ERROR] Reward model training failed: {'status': 'insufficient_data'}
2025-06-01 09:00:55,271 [WARNING] Using fallback centroid shift method
2025-06-01 09:00:55,277 [INFO]    âœ“ Saved results for iteration 8
2025-06-01 09:00:55,278 [INFO]    âœ“ Generated 18 molecules
2025-06-01 09:00:55,278 [INFO]    âœ“ Diversity: 11/18 (61.11%)
2025-06-01 09:00:55,280 [INFO]    âœ“ Reward: Î¼=2.538, Ïƒ=0.538, max=3.214
2025-06-01 09:00:55,280 [INFO]    âœ“ Time: 7.2s
2025-06-01 09:00:55,281 [INFO] 
ðŸ”„ Iteration 9/10 (Î±=0.151)
2025-06-01 09:00:55,282 [INFO] ðŸ”„ Generating from 18 latent vectors...
2025-06-01 09:01:01,783 [INFO]    âœ“ Generated 18/18 valid SMILES
2025-06-01 09:01:01,784 [INFO] ðŸ“Š Optimizing latent space...
2025-06-01 09:01:02,250 [ERROR] Reward model training failed: {'status': 'insufficient_data'}
2025-06-01 09:01:02,251 [WARNING] Using fallback centroid shift method
2025-06-01 09:01:02,256 [INFO]    âœ“ Saved results for iteration 9
2025-06-01 09:01:02,257 [INFO]    âœ“ Generated 18 molecules
2025-06-01 09:01:02,258 [INFO]    âœ“ Diversity: 16/18 (88.89%)
2025-06-01 09:01:02,259 [INFO]    âœ“ Reward: Î¼=2.379, Ïƒ=0.564, max=3.067
2025-06-01 09:01:02,260 [INFO]    âœ“ Time: 7.0s
2025-06-01 09:01:02,261 [INFO] 
ðŸ”„ Iteration 10/10 (Î±=0.120)
2025-06-01 09:01:02,262 [INFO] ðŸ”„ Generating from 18 latent vectors...
2025-06-01 09:01:09,043 [INFO]    âœ“ Generated 18/18 valid SMILES
2025-06-01 09:01:09,045 [INFO] ðŸ“Š Optimizing latent space...
2025-06-01 09:01:09,457 [ERROR] Reward model training failed: {'status': 'insufficient_data'}
2025-06-01 09:01:09,458 [WARNING] Using fallback centroid shift method
2025-06-01 09:01:09,464 [INFO]    âœ“ Saved results for iteration 10
2025-06-01 09:01:09,465 [INFO]    âœ“ Generated 18 molecules
2025-06-01 09:01:09,466 [INFO]    âœ“ Diversity: 17/18 (94.44%)
2025-06-01 09:01:09,467 [INFO]    âœ“ Reward: Î¼=2.058, Ïƒ=0.885, max=3.232
2025-06-01 09:01:09,467 [INFO]    âœ“ Time: 7.2s
2025-06-01 09:01:09,468 [INFO] 
ðŸ“ˆ Final Optimization Summary:
2025-06-01 09:01:09,469 [INFO]    Iteration | Molecules | Unique | Mean Reward | Max Reward | Time
2025-06-01 09:01:09,470 [INFO]    ---------|-----------|--------|-------------|------------|-----
2025-06-01 09:01:09,471 [INFO]           1 |        20 |      5 |       1.892 |      2.573 | 30.4s
2025-06-01 09:01:09,472 [INFO]           2 |        20 |      7 |       1.924 |      2.573 |  8.5s
2025-06-01 09:01:09,473 [INFO]           3 |        20 |      9 |       1.957 |      2.809 |  8.6s
2025-06-01 09:01:09,474 [INFO]           4 |        20 |      8 |       1.999 |      3.132 |  8.5s
2025-06-01 09:01:09,474 [INFO]           5 |        20 |      9 |       1.887 |      2.809 |  8.5s
2025-06-01 09:01:09,475 [INFO]           6 |        20 |      5 |       2.104 |      2.818 |  8.6s
2025-06-01 09:01:09,476 [INFO]           7 |        20 |     13 |       2.265 |      3.127 |  8.2s
2025-06-01 09:01:09,477 [INFO]           8 |        18 |     11 |       2.538 |      3.214 |  7.2s
2025-06-01 09:01:09,478 [INFO]           9 |        18 |     16 |       2.379 |      3.067 |  7.0s
2025-06-01 09:01:09,479 [INFO]          10 |        18 |     17 |       2.058 |      3.232 |  7.2s
2025-06-01 09:01:09,480 [INFO] 
   ðŸ’¡ Reward improvement: +0.166
2025-06-01 09:01:09,481 [INFO]    ðŸŽ¯ Final diversity: 94.44%
2025-06-01 09:01:09,481 [INFO]    â±ï¸  Total time: 102.7s
2025-06-01 09:01:09,482 [INFO] ðŸŽ‰ TamGenRL optimization complete!
2025-06-01 10:11:02,923 [INFO] TamGenRL initialized on device: cuda:0
2025-06-01 10:11:02,923 [INFO] Detected latent dimension: 256
2025-06-01 10:11:06,170 [INFO] ðŸš€ Starting TamGenRL feedback loop optimization
2025-06-01 10:11:06,172 [INFO]    Target: 1000 molecules Ã— 10 iterations
2025-06-01 10:11:06,173 [INFO]    Device: cuda:0, Batch size: 4
2025-06-01 10:11:06,174 [INFO] 
ðŸ”„ Iteration 1/10 (Î±=0.400)
2025-06-01 10:11:06,176 [INFO] ðŸŒ± Generating initial molecules with TamGen...
2025-06-01 10:11:06,318 [INFO] ðŸ“¦ Stored protein input: torch.Size([1, 83])
2025-06-01 10:11:35,692 [INFO]    âœ“ Generated 20 initial molecules
2025-06-01 10:11:35,694 [INFO]    âœ“ Diversity: 5/20 (25.00%)
2025-06-01 10:11:35,695 [WARNING] Low diversity detected (25.00% < 70.00%)
2025-06-01 10:11:35,697 [INFO] ðŸ“Š Optimizing latent space...
2025-06-01 10:11:37,063 [INFO]    âœ“ Saved results for iteration 1
2025-06-01 10:11:37,065 [INFO]    âœ“ Generated 20 molecules
2025-06-01 10:11:37,066 [INFO]    âœ“ Diversity: 5/20 (25.00%)
2025-06-01 10:11:37,067 [INFO]    âœ“ Reward: Î¼=1.892, Ïƒ=0.644, max=2.573
2025-06-01 10:11:37,069 [INFO]    âœ“ Time: 30.9s
2025-06-01 10:11:37,071 [INFO] 
ðŸ”„ Iteration 2/10 (Î±=0.369)
2025-06-01 10:11:37,072 [INFO] ðŸ”„ Generating from 20 latent vectors...
2025-06-01 10:11:43,443 [INFO]    âœ“ Generated 20/20 valid SMILES
2025-06-01 10:11:43,445 [INFO] ðŸ“Š Optimizing latent space...
2025-06-01 10:11:44,712 [INFO]    âœ“ Saved results for iteration 2
2025-06-01 10:11:44,713 [INFO]    âœ“ Generated 20 molecules
2025-06-01 10:11:44,715 [INFO]    âœ“ Diversity: 10/20 (50.00%)
2025-06-01 10:11:44,716 [INFO]    âœ“ Reward: Î¼=1.810, Ïƒ=0.821, max=2.823
2025-06-01 10:11:44,718 [INFO]    âœ“ Time: 7.6s
2025-06-01 10:11:44,720 [INFO] 
ðŸ”„ Iteration 3/10 (Î±=0.338)
2025-06-01 10:11:44,721 [INFO] ðŸ”„ Generating from 20 latent vectors...
2025-06-01 10:11:51,196 [INFO]    âœ“ Generated 20/20 valid SMILES
2025-06-01 10:11:51,197 [INFO] ðŸ“Š Optimizing latent space...
2025-06-01 10:11:52,926 [INFO]    âœ“ Saved results for iteration 3
2025-06-01 10:11:52,927 [INFO]    âœ“ Generated 20 molecules
2025-06-01 10:11:52,929 [INFO]    âœ“ Diversity: 7/20 (35.00%)
2025-06-01 10:11:52,930 [INFO]    âœ“ Reward: Î¼=1.655, Ïƒ=0.461, max=2.573
2025-06-01 10:11:52,931 [INFO]    âœ“ Time: 8.2s
2025-06-01 10:11:52,933 [INFO] 
ðŸ”„ Iteration 4/10 (Î±=0.307)
2025-06-01 10:11:52,934 [INFO] ðŸ”„ Generating from 20 latent vectors...
2025-06-01 10:11:59,395 [INFO]    âœ“ Generated 20/20 valid SMILES
2025-06-01 10:11:59,396 [INFO] ðŸ“Š Optimizing latent space...
2025-06-01 10:12:01,347 [INFO]    âœ“ Saved results for iteration 4
2025-06-01 10:12:01,349 [INFO]    âœ“ Generated 20 molecules
2025-06-01 10:12:01,350 [INFO]    âœ“ Diversity: 4/20 (20.00%)
2025-06-01 10:12:01,351 [INFO]    âœ“ Reward: Î¼=2.132, Ïƒ=0.310, max=2.573
2025-06-01 10:12:01,353 [INFO]    âœ“ Time: 8.4s
2025-06-01 10:12:01,355 [INFO] 
ðŸ”„ Iteration 5/10 (Î±=0.276)
2025-06-01 10:12:01,356 [INFO] ðŸ”„ Generating from 20 latent vectors...
2025-06-01 10:12:07,801 [INFO]    âœ“ Generated 20/20 valid SMILES
2025-06-01 10:12:07,802 [INFO] ðŸ“Š Optimizing latent space...
2025-06-01 10:12:09,672 [INFO]    âœ“ Saved results for iteration 5
2025-06-01 10:12:09,673 [INFO]    âœ“ Generated 20 molecules
2025-06-01 10:12:09,674 [INFO]    âœ“ Diversity: 4/20 (20.00%)
2025-06-01 10:12:09,676 [INFO]    âœ“ Reward: Î¼=2.201, Ïƒ=0.395, max=3.071
2025-06-01 10:12:09,678 [INFO]    âœ“ Time: 8.3s
2025-06-01 10:12:09,680 [INFO] 
ðŸ”„ Iteration 6/10 (Î±=0.244)
2025-06-01 10:12:09,681 [INFO] ðŸ”„ Generating from 20 latent vectors...
2025-06-01 10:12:16,238 [INFO]    âœ“ Generated 20/20 valid SMILES
2025-06-01 10:12:16,239 [INFO] ðŸ“Š Optimizing latent space...
2025-06-01 10:12:18,162 [INFO]    âœ“ Saved results for iteration 6
2025-06-01 10:12:18,163 [INFO]    âœ“ Generated 20 molecules
2025-06-01 10:12:18,165 [INFO]    âœ“ Diversity: 8/20 (40.00%)
2025-06-01 10:12:18,166 [INFO]    âœ“ Reward: Î¼=2.163, Ïƒ=0.429, max=3.127
2025-06-01 10:12:18,168 [INFO]    âœ“ Time: 8.5s
2025-06-01 10:12:18,169 [INFO] 
ðŸ”„ Iteration 7/10 (Î±=0.213)
2025-06-01 10:12:18,170 [INFO] ðŸ”„ Generating from 20 latent vectors...
2025-06-01 10:12:24,730 [INFO]    âœ“ Generated 20/20 valid SMILES
2025-06-01 10:12:24,731 [INFO] ðŸ“Š Optimizing latent space...
2025-06-01 10:12:26,495 [INFO]    âœ“ Saved results for iteration 7
2025-06-01 10:12:26,496 [INFO]    âœ“ Generated 20 molecules
2025-06-01 10:12:26,497 [INFO]    âœ“ Diversity: 7/20 (35.00%)
2025-06-01 10:12:26,499 [INFO]    âœ“ Reward: Î¼=2.395, Ïƒ=0.501, max=3.127
2025-06-01 10:12:26,501 [INFO]    âœ“ Time: 8.3s
2025-06-01 10:12:26,502 [INFO] 
ðŸ”„ Iteration 8/10 (Î±=0.182)
2025-06-01 10:12:26,504 [INFO] ðŸ”„ Generating from 20 latent vectors...
2025-06-01 10:12:32,893 [INFO]    âœ“ Generated 20/20 valid SMILES
2025-06-01 10:12:32,894 [INFO] ðŸ“Š Optimizing latent space...
2025-06-01 10:12:34,382 [INFO]    âœ“ Saved results for iteration 8
2025-06-01 10:12:34,383 [INFO]    âœ“ Generated 20 molecules
2025-06-01 10:12:34,385 [INFO]    âœ“ Diversity: 13/20 (65.00%)
2025-06-01 10:12:34,386 [INFO]    âœ“ Reward: Î¼=2.237, Ïƒ=0.664, max=3.127
2025-06-01 10:12:34,388 [INFO]    âœ“ Time: 7.9s
2025-06-01 10:12:34,389 [INFO] 
ðŸ”„ Iteration 9/10 (Î±=0.151)
2025-06-01 10:12:34,390 [INFO] ðŸ”„ Generating from 20 latent vectors...
2025-06-01 10:12:40,719 [INFO]    âœ“ Generated 20/20 valid SMILES
2025-06-01 10:12:40,721 [INFO] ðŸ“Š Optimizing latent space...
2025-06-01 10:12:42,194 [INFO]    âœ“ Saved results for iteration 9
2025-06-01 10:12:42,195 [INFO]    âœ“ Generated 20 molecules
2025-06-01 10:12:42,196 [INFO]    âœ“ Diversity: 15/20 (75.00%)
2025-06-01 10:12:42,198 [INFO]    âœ“ Reward: Î¼=2.497, Ïƒ=0.542, max=3.127
2025-06-01 10:12:42,200 [INFO]    âœ“ Time: 7.8s
2025-06-01 10:12:42,202 [INFO] 
ðŸ”„ Iteration 10/10 (Î±=0.120)
2025-06-01 10:12:42,203 [INFO] ðŸ”„ Generating from 20 latent vectors...
2025-06-01 10:12:48,959 [INFO]    âœ“ Generated 20/20 valid SMILES
2025-06-01 10:12:48,960 [INFO] ðŸ“Š Optimizing latent space...
2025-06-01 10:12:50,425 [INFO]    âœ“ Saved results for iteration 10
2025-06-01 10:12:50,427 [INFO]    âœ“ Generated 20 molecules
2025-06-01 10:12:50,428 [INFO]    âœ“ Diversity: 12/20 (60.00%)
2025-06-01 10:12:50,430 [INFO]    âœ“ Reward: Î¼=2.371, Ïƒ=0.819, max=3.084
2025-06-01 10:12:50,431 [INFO]    âœ“ Time: 8.2s
2025-06-01 10:12:50,432 [INFO] 
ðŸ“ˆ Final Optimization Summary:
2025-06-01 10:12:50,434 [INFO]    Iteration | Molecules | Unique | Mean Reward | Max Reward | Time
2025-06-01 10:12:50,435 [INFO]    ---------|-----------|--------|-------------|------------|-----
2025-06-01 10:12:50,437 [INFO]           1 |        20 |      5 |       1.892 |      2.573 | 30.9s
2025-06-01 10:12:50,438 [INFO]           2 |        20 |     10 |       1.810 |      2.823 |  7.6s
2025-06-01 10:12:50,439 [INFO]           3 |        20 |      7 |       1.655 |      2.573 |  8.2s
2025-06-01 10:12:50,441 [INFO]           4 |        20 |      4 |       2.132 |      2.573 |  8.4s
2025-06-01 10:12:50,442 [INFO]           5 |        20 |      4 |       2.201 |      3.071 |  8.3s
2025-06-01 10:12:50,443 [INFO]           6 |        20 |      8 |       2.163 |      3.127 |  8.5s
2025-06-01 10:12:50,444 [INFO]           7 |        20 |      7 |       2.395 |      3.127 |  8.3s
2025-06-01 10:12:50,446 [INFO]           8 |        20 |     13 |       2.237 |      3.127 |  7.9s
2025-06-01 10:12:50,447 [INFO]           9 |        20 |     15 |       2.497 |      3.127 |  7.8s
2025-06-01 10:12:50,448 [INFO]          10 |        20 |     12 |       2.371 |      3.084 |  8.2s
2025-06-01 10:12:50,450 [INFO] 
   ðŸ’¡ Reward improvement: +0.479
2025-06-01 10:12:50,451 [INFO]    ðŸŽ¯ Final diversity: 60.00%
2025-06-01 10:12:50,453 [INFO]    â±ï¸  Total time: 104.1s
2025-06-01 10:12:50,454 [INFO] ðŸŽ‰ TamGenRL optimization complete!
2025-06-01 10:27:09,175 [INFO] TamGenRL initialized on device: cuda:0
2025-06-01 10:27:09,176 [INFO] Detected latent dimension: 256
2025-06-01 10:27:13,381 [INFO] ðŸš€ Starting TamGenRL feedback loop optimization
2025-06-01 10:27:13,382 [INFO]    Target: 1000 molecules Ã— 10 iterations
2025-06-01 10:27:13,383 [INFO]    Device: cuda:0, Batch size: 4
2025-06-01 10:27:13,384 [INFO] 
ðŸ”„ Iteration 1/10 (Î±=0.400)
2025-06-01 10:27:13,386 [INFO] ðŸŒ± Generating initial molecules with TamGen...
2025-06-01 10:27:13,509 [INFO] ðŸ“¦ Stored protein input: torch.Size([1, 47])
2025-06-01 10:27:39,217 [INFO]    âœ“ Generated 20 initial molecules
2025-06-01 10:27:39,218 [INFO]    âœ“ Diversity: 1/20 (5.00%)
2025-06-01 10:27:39,219 [WARNING] Low diversity detected (5.00% < 70.00%)
2025-06-01 10:27:39,220 [INFO] ðŸ“Š Optimizing latent space...
2025-06-01 10:27:40,165 [INFO]    âœ“ Saved results for iteration 1
2025-06-01 10:27:40,166 [INFO]    âœ“ Generated 20 molecules
2025-06-01 10:27:40,168 [INFO]    âœ“ Diversity: 1/20 (5.00%)
2025-06-01 10:27:40,169 [INFO]    âœ“ Reward: Î¼=1.745, Ïƒ=0.000, max=1.745
2025-06-01 10:27:40,171 [INFO]    âœ“ Time: 26.8s
2025-06-01 10:27:40,172 [INFO] 
ðŸ”„ Iteration 2/10 (Î±=0.369)
2025-06-01 10:27:40,173 [INFO] ðŸ”„ Generating from 20 latent vectors...
2025-06-01 10:27:46,647 [INFO]    âœ“ Generated 20/20 valid SMILES
2025-06-01 10:27:46,649 [INFO] ðŸ“Š Optimizing latent space...
2025-06-01 10:27:47,656 [INFO]    âœ“ Saved results for iteration 2
2025-06-01 10:27:47,657 [INFO]    âœ“ Generated 20 molecules
2025-06-01 10:27:47,659 [INFO]    âœ“ Diversity: 2/20 (10.00%)
2025-06-01 10:27:47,660 [INFO]    âœ“ Reward: Î¼=1.722, Ïƒ=0.103, max=1.745
2025-06-01 10:27:47,662 [INFO]    âœ“ Time: 7.5s
2025-06-01 10:27:47,663 [INFO] 
ðŸ”„ Iteration 3/10 (Î±=0.338)
2025-06-01 10:27:47,665 [INFO] ðŸ”„ Generating from 20 latent vectors...
2025-06-01 10:27:54,093 [INFO]    âœ“ Generated 20/20 valid SMILES
2025-06-01 10:27:54,094 [INFO] ðŸ“Š Optimizing latent space...
2025-06-01 10:27:55,161 [INFO]    âœ“ Saved results for iteration 3
2025-06-01 10:27:55,163 [INFO]    âœ“ Generated 20 molecules
2025-06-01 10:27:55,164 [INFO]    âœ“ Diversity: 1/20 (5.00%)
2025-06-01 10:27:55,166 [INFO]    âœ“ Reward: Î¼=1.745, Ïƒ=0.000, max=1.745
2025-06-01 10:27:55,167 [INFO]    âœ“ Time: 7.5s
2025-06-01 10:27:55,169 [INFO] 
ðŸ”„ Iteration 4/10 (Î±=0.307)
2025-06-01 10:27:55,170 [INFO] ðŸ”„ Generating from 20 latent vectors...
2025-06-01 10:28:01,468 [INFO]    âœ“ Generated 20/20 valid SMILES
2025-06-01 10:28:01,469 [INFO] ðŸ“Š Optimizing latent space...
2025-06-01 10:28:02,613 [INFO]    âœ“ Saved results for iteration 4
2025-06-01 10:28:02,615 [INFO]    âœ“ Generated 20 molecules
2025-06-01 10:28:02,616 [INFO]    âœ“ Diversity: 2/20 (10.00%)
2025-06-01 10:28:02,618 [INFO]    âœ“ Reward: Î¼=1.723, Ïƒ=0.100, max=1.745
2025-06-01 10:28:02,619 [INFO]    âœ“ Time: 7.4s
2025-06-01 10:28:02,621 [INFO] 
ðŸ”„ Iteration 5/10 (Î±=0.276)
2025-06-01 10:28:02,622 [INFO] ðŸ”„ Generating from 20 latent vectors...
2025-06-01 10:28:09,107 [INFO]    âœ“ Generated 20/20 valid SMILES
2025-06-01 10:28:09,108 [INFO] ðŸ“Š Optimizing latent space...
2025-06-01 10:28:10,341 [INFO]    âœ“ Saved results for iteration 5
2025-06-01 10:28:10,343 [INFO]    âœ“ Generated 20 molecules
2025-06-01 10:28:10,344 [INFO]    âœ“ Diversity: 4/20 (20.00%)
2025-06-01 10:28:10,345 [INFO]    âœ“ Reward: Î¼=1.705, Ïƒ=0.349, max=2.323
2025-06-01 10:28:10,346 [INFO]    âœ“ Time: 7.7s
2025-06-01 10:28:10,348 [INFO] 
ðŸ”„ Iteration 6/10 (Î±=0.244)
2025-06-01 10:28:10,350 [INFO] ðŸ”„ Generating from 20 latent vectors...
2025-06-01 10:28:17,083 [INFO]    âœ“ Generated 20/20 valid SMILES
2025-06-01 10:28:17,084 [INFO] ðŸ“Š Optimizing latent space...
2025-06-01 10:28:18,370 [INFO]    âœ“ Saved results for iteration 6
2025-06-01 10:28:18,371 [INFO]    âœ“ Generated 20 molecules
2025-06-01 10:28:18,372 [INFO]    âœ“ Diversity: 7/20 (35.00%)
2025-06-01 10:28:18,375 [INFO]    âœ“ Reward: Î¼=1.568, Ïƒ=0.331, max=1.832
2025-06-01 10:28:18,376 [INFO]    âœ“ Time: 8.0s
2025-06-01 10:28:18,377 [INFO] 
ðŸ”„ Iteration 7/10 (Î±=0.213)
2025-06-01 10:28:18,379 [INFO] ðŸ”„ Generating from 20 latent vectors...
2025-06-01 10:28:25,202 [INFO]    âœ“ Generated 20/20 valid SMILES
2025-06-01 10:28:25,203 [INFO] ðŸ“Š Optimizing latent space...
2025-06-01 10:28:26,507 [INFO]    âœ“ Saved results for iteration 7
2025-06-01 10:28:26,508 [INFO]    âœ“ Generated 20 molecules
2025-06-01 10:28:26,509 [INFO]    âœ“ Diversity: 13/20 (65.00%)
2025-06-01 10:28:26,511 [INFO]    âœ“ Reward: Î¼=1.397, Ïƒ=0.559, max=2.552
2025-06-01 10:28:26,512 [INFO]    âœ“ Time: 8.1s
2025-06-01 10:28:26,514 [INFO] 
ðŸ”„ Iteration 8/10 (Î±=0.182)
2025-06-01 10:28:26,515 [INFO] ðŸ”„ Generating from 20 latent vectors...
2025-06-01 10:28:32,686 [INFO]    âœ“ Generated 20/20 valid SMILES
2025-06-01 10:28:32,688 [INFO] ðŸ“Š Optimizing latent space...
2025-06-01 10:28:33,954 [INFO]    âœ“ Saved results for iteration 8
2025-06-01 10:28:33,955 [INFO]    âœ“ Generated 20 molecules
2025-06-01 10:28:33,956 [INFO]    âœ“ Diversity: 10/20 (50.00%)
2025-06-01 10:28:33,958 [INFO]    âœ“ Reward: Î¼=1.563, Ïƒ=0.455, max=2.469
2025-06-01 10:28:33,959 [INFO]    âœ“ Time: 7.4s
2025-06-01 10:28:33,961 [INFO] 
ðŸ”„ Iteration 9/10 (Î±=0.151)
2025-06-01 10:28:33,962 [INFO] ðŸ”„ Generating from 20 latent vectors...
2025-06-01 10:28:40,559 [INFO]    âœ“ Generated 20/20 valid SMILES
2025-06-01 10:28:40,560 [INFO] ðŸ“Š Optimizing latent space...
2025-06-01 10:28:42,023 [INFO]    âœ“ Saved results for iteration 9
2025-06-01 10:28:42,025 [INFO]    âœ“ Generated 20 molecules
2025-06-01 10:28:42,026 [INFO]    âœ“ Diversity: 15/20 (75.00%)
2025-06-01 10:28:42,028 [INFO]    âœ“ Reward: Î¼=1.635, Ïƒ=0.722, max=2.704
2025-06-01 10:28:42,029 [INFO]    âœ“ Time: 8.1s
2025-06-01 10:28:42,031 [INFO] 
ðŸ”„ Iteration 10/10 (Î±=0.120)
2025-06-01 10:28:42,033 [INFO] ðŸ”„ Generating from 20 latent vectors...
2025-06-01 10:28:49,015 [INFO]    âœ“ Generated 20/20 valid SMILES
2025-06-01 10:28:49,017 [INFO] ðŸ“Š Optimizing latent space...
2025-06-01 10:28:50,439 [INFO]    âœ“ Saved results for iteration 10
2025-06-01 10:28:50,440 [INFO]    âœ“ Generated 20 molecules
2025-06-01 10:28:50,442 [INFO]    âœ“ Diversity: 18/20 (90.00%)
2025-06-01 10:28:50,443 [INFO]    âœ“ Reward: Î¼=1.560, Ïƒ=0.653, max=2.668
2025-06-01 10:28:50,445 [INFO]    âœ“ Time: 8.4s
2025-06-01 10:28:50,446 [INFO] 
ðŸ“ˆ Final Optimization Summary:
2025-06-01 10:28:50,448 [INFO]    Iteration | Molecules | Unique | Mean Reward | Max Reward | Time
2025-06-01 10:28:50,449 [INFO]    ---------|-----------|--------|-------------|------------|-----
2025-06-01 10:28:50,450 [INFO]           1 |        20 |      1 |       1.745 |      1.745 | 26.8s
2025-06-01 10:28:50,452 [INFO]           2 |        20 |      2 |       1.722 |      1.745 |  7.5s
2025-06-01 10:28:50,453 [INFO]           3 |        20 |      1 |       1.745 |      1.745 |  7.5s
2025-06-01 10:28:50,455 [INFO]           4 |        20 |      2 |       1.723 |      1.745 |  7.4s
2025-06-01 10:28:50,456 [INFO]           5 |        20 |      4 |       1.705 |      2.323 |  7.7s
2025-06-01 10:28:50,458 [INFO]           6 |        20 |      7 |       1.568 |      1.832 |  8.0s
2025-06-01 10:28:50,459 [INFO]           7 |        20 |     13 |       1.397 |      2.552 |  8.1s
2025-06-01 10:28:50,460 [INFO]           8 |        20 |     10 |       1.563 |      2.469 |  7.4s
2025-06-01 10:28:50,461 [INFO]           9 |        20 |     15 |       1.635 |      2.704 |  8.1s
2025-06-01 10:28:50,462 [INFO]          10 |        20 |     18 |       1.560 |      2.668 |  8.4s
2025-06-01 10:28:50,464 [INFO] 
   ðŸ’¡ Reward improvement: -0.186
2025-06-01 10:28:50,465 [INFO]    ðŸŽ¯ Final diversity: 90.00%
2025-06-01 10:28:50,466 [INFO]    â±ï¸  Total time: 96.9s
2025-06-01 10:28:50,468 [INFO] ðŸŽ‰ TamGenRL optimization complete!
2025-06-01 10:29:50,498 [INFO] TamGenRL initialized on device: cuda:0
2025-06-01 10:29:50,501 [INFO] Detected latent dimension: 256
2025-06-01 10:29:52,730 [INFO] ðŸš€ Starting TamGenRL feedback loop optimization
2025-06-01 10:29:52,731 [INFO]    Target: 1000 molecules Ã— 10 iterations
2025-06-01 10:29:52,732 [INFO]    Device: cuda:0, Batch size: 4
2025-06-01 10:29:52,733 [INFO] 
ðŸ”„ Iteration 1/10 (Î±=0.400)
2025-06-01 10:29:52,734 [INFO] ðŸŒ± Generating initial molecules with TamGen...
2025-06-01 10:29:52,832 [INFO] ðŸ“¦ Stored protein input: torch.Size([2, 57])
2025-06-01 10:30:09,926 [INFO] TamGenRL initialized on device: cuda:0
2025-06-01 10:30:09,927 [INFO] Detected latent dimension: 256
2025-06-01 10:30:12,412 [INFO]    âœ“ Generated 40 initial molecules
2025-06-01 10:30:12,413 [INFO]    âœ“ Diversity: 12/40 (30.00%)
2025-06-01 10:30:12,414 [WARNING] Low diversity detected (30.00% < 70.00%)
2025-06-01 10:30:12,415 [INFO] ðŸ“Š Optimizing latent space...
2025-06-01 10:30:13,638 [INFO]    âœ“ Saved results for iteration 1
2025-06-01 10:30:13,639 [INFO]    âœ“ Generated 40 molecules
2025-06-01 10:30:13,640 [INFO]    âœ“ Diversity: 12/40 (30.00%)
2025-06-01 10:30:13,641 [INFO]    âœ“ Reward: Î¼=2.478, Ïƒ=0.217, max=2.990
2025-06-01 10:30:13,642 [INFO]    âœ“ Time: 20.9s
2025-06-01 10:30:13,645 [INFO] 
ðŸ”„ Iteration 2/10 (Î±=0.369)
2025-06-01 10:30:13,646 [INFO] ðŸ”„ Generating from 40 latent vectors...
2025-06-01 10:30:17,522 [INFO] ðŸš€ Starting TamGenRL feedback loop optimization
2025-06-01 10:30:17,523 [INFO]    Target: 1000 molecules Ã— 10 iterations
2025-06-01 10:30:17,524 [INFO]    Device: cuda:0, Batch size: 4
2025-06-01 10:30:17,525 [INFO] 
ðŸ”„ Iteration 1/10 (Î±=0.400)
2025-06-01 10:30:17,526 [INFO] ðŸŒ± Generating initial molecules with TamGen...
2025-06-01 10:30:17,657 [INFO] ðŸ“¦ Stored protein input: torch.Size([2, 57])
2025-06-01 10:30:22,547 [INFO]    âœ“ Generated 40/40 valid SMILES
2025-06-01 10:30:22,548 [INFO] ðŸ“Š Optimizing latent space...
2025-06-01 10:30:23,807 [INFO]    âœ“ Saved results for iteration 2
2025-06-01 10:30:23,808 [INFO]    âœ“ Generated 40 molecules
2025-06-01 10:30:23,809 [INFO]    âœ“ Diversity: 8/40 (20.00%)
2025-06-01 10:30:23,811 [INFO]    âœ“ Reward: Î¼=2.576, Ïƒ=0.107, max=2.990
2025-06-01 10:30:23,812 [INFO]    âœ“ Time: 10.2s
2025-06-01 10:30:23,813 [INFO] 
ðŸ”„ Iteration 3/10 (Î±=0.338)
2025-06-01 10:30:23,815 [INFO] ðŸ”„ Generating from 40 latent vectors...
2025-06-01 10:30:31,838 [INFO]    âœ“ Generated 40/40 valid SMILES
2025-06-01 10:30:31,839 [INFO] ðŸ“Š Optimizing latent space...
2025-06-01 10:30:32,938 [INFO]    âœ“ Saved results for iteration 3
2025-06-01 10:30:32,939 [INFO]    âœ“ Generated 40 molecules
2025-06-01 10:30:32,940 [INFO]    âœ“ Diversity: 7/40 (17.50%)
2025-06-01 10:30:32,942 [INFO]    âœ“ Reward: Î¼=2.571, Ïƒ=0.139, max=2.831
2025-06-01 10:30:32,943 [INFO]    âœ“ Time: 9.1s
2025-06-01 10:30:32,944 [INFO] 
ðŸ”„ Iteration 4/10 (Î±=0.307)
2025-06-01 10:30:32,945 [INFO] ðŸ”„ Generating from 40 latent vectors...
2025-06-01 10:30:38,004 [INFO]    âœ“ Generated 40 initial molecules
2025-06-01 10:30:38,006 [INFO]    âœ“ Diversity: 12/40 (30.00%)
2025-06-01 10:30:38,006 [WARNING] Low diversity detected (30.00% < 70.00%)
2025-06-01 10:30:38,008 [INFO] ðŸ“Š Optimizing latent space...
2025-06-01 10:30:39,264 [INFO]    âœ“ Saved results for iteration 1
2025-06-01 10:30:39,265 [INFO]    âœ“ Generated 40 molecules
2025-06-01 10:30:39,266 [INFO]    âœ“ Diversity: 12/40 (30.00%)
2025-06-01 10:30:39,268 [INFO]    âœ“ Reward: Î¼=2.478, Ïƒ=0.217, max=2.990
2025-06-01 10:30:39,269 [INFO]    âœ“ Time: 21.7s
2025-06-01 10:30:39,270 [INFO] 
ðŸ”„ Iteration 2/10 (Î±=0.369)
2025-06-01 10:30:39,272 [INFO] ðŸ”„ Generating from 40 latent vectors...
2025-06-01 10:30:40,059 [INFO]    âœ“ Generated 40/40 valid SMILES
2025-06-01 10:30:40,060 [INFO] ðŸ“Š Optimizing latent space...
2025-06-01 10:30:41,260 [INFO]    âœ“ Saved results for iteration 4
2025-06-01 10:30:41,261 [INFO]    âœ“ Generated 40 molecules
2025-06-01 10:30:41,262 [INFO]    âœ“ Diversity: 11/40 (27.50%)
2025-06-01 10:30:41,263 [INFO]    âœ“ Reward: Î¼=2.593, Ïƒ=0.180, max=3.075
2025-06-01 10:30:41,265 [INFO]    âœ“ Time: 8.3s
2025-06-01 10:30:41,267 [INFO] 
ðŸ”„ Iteration 5/10 (Î±=0.276)
2025-06-01 10:30:41,268 [INFO] ðŸ”„ Generating from 40 latent vectors...
2025-06-01 10:30:47,228 [INFO]    âœ“ Generated 40/40 valid SMILES
2025-06-01 10:30:47,229 [INFO] ðŸ“Š Optimizing latent space...
2025-06-01 10:30:47,813 [INFO]    âœ“ Generated 40/40 valid SMILES
2025-06-01 10:30:47,815 [INFO] ðŸ“Š Optimizing latent space...
2025-06-01 10:30:48,461 [INFO]    âœ“ Saved results for iteration 2
2025-06-01 10:30:48,462 [INFO]    âœ“ Generated 40 molecules
2025-06-01 10:30:48,463 [INFO]    âœ“ Diversity: 14/40 (35.00%)
2025-06-01 10:30:48,465 [INFO]    âœ“ Reward: Î¼=2.529, Ïƒ=0.237, max=2.881
2025-06-01 10:30:48,466 [INFO]    âœ“ Time: 9.2s
2025-06-01 10:30:48,468 [INFO] 
ðŸ”„ Iteration 3/10 (Î±=0.338)
2025-06-01 10:30:48,469 [INFO] ðŸ”„ Generating from 40 latent vectors...
2025-06-01 10:30:49,123 [INFO]    âœ“ Saved results for iteration 5
2025-06-01 10:30:49,124 [INFO]    âœ“ Generated 40 molecules
2025-06-01 10:30:49,125 [INFO]    âœ“ Diversity: 15/40 (37.50%)
2025-06-01 10:30:49,126 [INFO]    âœ“ Reward: Î¼=2.681, Ïƒ=0.204, max=3.152
2025-06-01 10:30:49,128 [INFO]    âœ“ Time: 7.9s
2025-06-01 10:30:49,130 [INFO] 
ðŸ”„ Iteration 6/10 (Î±=0.244)
2025-06-01 10:30:49,131 [INFO] ðŸ”„ Generating from 40 latent vectors...
2025-06-01 10:30:54,751 [INFO]    âœ“ Generated 40/40 valid SMILES
2025-06-01 10:30:54,752 [INFO] ðŸ“Š Optimizing latent space...
2025-06-01 10:30:55,947 [INFO]    âœ“ Saved results for iteration 6
2025-06-01 10:30:55,948 [INFO]    âœ“ Generated 40 molecules
2025-06-01 10:30:55,949 [INFO]    âœ“ Diversity: 14/40 (35.00%)
2025-06-01 10:30:55,951 [INFO]    âœ“ Reward: Î¼=2.771, Ïƒ=0.165, max=3.075
2025-06-01 10:30:55,952 [INFO]    âœ“ Time: 6.8s
2025-06-01 10:30:55,954 [INFO] 
ðŸ”„ Iteration 7/10 (Î±=0.213)
2025-06-01 10:30:55,955 [INFO] ðŸ”„ Generating from 40 latent vectors...
2025-06-01 10:30:56,737 [INFO]    âœ“ Generated 40/40 valid SMILES
2025-06-01 10:30:56,738 [INFO] ðŸ“Š Optimizing latent space...
2025-06-01 10:30:58,003 [INFO]    âœ“ Saved results for iteration 3
2025-06-01 10:30:58,004 [INFO]    âœ“ Generated 40 molecules
2025-06-01 10:30:58,005 [INFO]    âœ“ Diversity: 9/40 (22.50%)
2025-06-01 10:30:58,006 [INFO]    âœ“ Reward: Î¼=2.609, Ïƒ=0.134, max=3.082
2025-06-01 10:30:58,008 [INFO]    âœ“ Time: 9.5s
2025-06-01 10:30:58,009 [INFO] 
ðŸ”„ Iteration 4/10 (Î±=0.307)
2025-06-01 10:30:58,010 [INFO] ðŸ”„ Generating from 40 latent vectors...
2025-06-01 10:31:01,669 [INFO]    âœ“ Generated 40/40 valid SMILES
2025-06-01 10:31:01,670 [INFO] ðŸ“Š Optimizing latent space...
2025-06-01 10:31:02,869 [INFO]    âœ“ Saved results for iteration 7
2025-06-01 10:31:02,870 [INFO]    âœ“ Generated 40 molecules
2025-06-01 10:31:02,871 [INFO]    âœ“ Diversity: 20/40 (50.00%)
2025-06-01 10:31:02,872 [INFO]    âœ“ Reward: Î¼=2.809, Ïƒ=0.220, max=3.084
2025-06-01 10:31:02,874 [INFO]    âœ“ Time: 6.9s
2025-06-01 10:31:02,875 [INFO] 
ðŸ”„ Iteration 8/10 (Î±=0.182)
2025-06-01 10:31:02,877 [INFO] ðŸ”„ Generating from 40 latent vectors...
2025-06-01 10:31:04,751 [INFO]    âœ“ Generated 40/40 valid SMILES
2025-06-01 10:31:04,752 [INFO] ðŸ“Š Optimizing latent space...
2025-06-01 10:31:05,898 [INFO]    âœ“ Saved results for iteration 4
2025-06-01 10:31:05,899 [INFO]    âœ“ Generated 40 molecules
2025-06-01 10:31:05,900 [INFO]    âœ“ Diversity: 11/40 (27.50%)
2025-06-01 10:31:05,902 [INFO]    âœ“ Reward: Î¼=2.662, Ïƒ=0.119, max=2.883
2025-06-01 10:31:05,903 [INFO]    âœ“ Time: 7.9s
2025-06-01 10:31:05,904 [INFO] 
ðŸ”„ Iteration 5/10 (Î±=0.276)
2025-06-01 10:31:05,905 [INFO] ðŸ”„ Generating from 40 latent vectors...
2025-06-01 10:31:08,851 [INFO]    âœ“ Generated 40/40 valid SMILES
2025-06-01 10:31:08,853 [INFO] ðŸ“Š Optimizing latent space...
2025-06-01 10:31:10,025 [INFO]    âœ“ Saved results for iteration 8
2025-06-01 10:31:10,026 [INFO]    âœ“ Generated 40 molecules
2025-06-01 10:31:10,027 [INFO]    âœ“ Diversity: 21/40 (52.50%)
2025-06-01 10:31:10,029 [INFO]    âœ“ Reward: Î¼=2.815, Ïƒ=0.229, max=3.138
2025-06-01 10:31:10,030 [INFO]    âœ“ Time: 7.2s
2025-06-01 10:31:10,032 [INFO] 
ðŸ”„ Iteration 9/10 (Î±=0.151)
2025-06-01 10:31:10,033 [INFO] ðŸ”„ Generating from 40 latent vectors...
2025-06-01 10:31:12,970 [INFO]    âœ“ Generated 40/40 valid SMILES
2025-06-01 10:31:12,971 [INFO] ðŸ“Š Optimizing latent space...
2025-06-01 10:31:14,216 [INFO]    âœ“ Saved results for iteration 5
2025-06-01 10:31:14,217 [INFO]    âœ“ Generated 40 molecules
2025-06-01 10:31:14,218 [INFO]    âœ“ Diversity: 18/40 (45.00%)
2025-06-01 10:31:14,219 [INFO]    âœ“ Reward: Î¼=2.698, Ïƒ=0.165, max=3.205
2025-06-01 10:31:14,220 [INFO]    âœ“ Time: 8.3s
2025-06-01 10:31:14,222 [INFO] 
ðŸ”„ Iteration 6/10 (Î±=0.244)
2025-06-01 10:31:14,223 [INFO] ðŸ”„ Generating from 40 latent vectors...
2025-06-01 10:31:15,815 [INFO]    âœ“ Generated 40/40 valid SMILES
2025-06-01 10:31:15,816 [INFO] ðŸ“Š Optimizing latent space...
2025-06-01 10:31:17,004 [INFO]    âœ“ Saved results for iteration 9
2025-06-01 10:31:17,006 [INFO]    âœ“ Generated 40 molecules
2025-06-01 10:31:17,007 [INFO]    âœ“ Diversity: 29/40 (72.50%)
2025-06-01 10:31:17,009 [INFO]    âœ“ Reward: Î¼=2.763, Ïƒ=0.252, max=3.084
2025-06-01 10:31:17,010 [INFO]    âœ“ Time: 7.0s
2025-06-01 10:31:17,012 [INFO] 
ðŸ”„ Iteration 10/10 (Î±=0.120)
2025-06-01 10:31:17,013 [INFO] ðŸ”„ Generating from 40 latent vectors...
2025-06-01 10:31:19,877 [INFO]    âœ“ Generated 40/40 valid SMILES
2025-06-01 10:31:19,878 [INFO] ðŸ“Š Optimizing latent space...
2025-06-01 10:31:21,074 [INFO]    âœ“ Saved results for iteration 6
2025-06-01 10:31:21,075 [INFO]    âœ“ Generated 40 molecules
2025-06-01 10:31:21,076 [INFO]    âœ“ Diversity: 12/40 (30.00%)
2025-06-01 10:31:21,078 [INFO]    âœ“ Reward: Î¼=2.747, Ïƒ=0.133, max=3.075
2025-06-01 10:31:21,079 [INFO]    âœ“ Time: 6.9s
2025-06-01 10:31:21,081 [INFO] 
ðŸ”„ Iteration 7/10 (Î±=0.213)
2025-06-01 10:31:21,082 [INFO] ðŸ”„ Generating from 40 latent vectors...
2025-06-01 10:31:22,415 [INFO]    âœ“ Generated 40/40 valid SMILES
2025-06-01 10:31:22,416 [INFO] ðŸ“Š Optimizing latent space...
2025-06-01 10:31:23,588 [INFO]    âœ“ Saved results for iteration 10
2025-06-01 10:31:23,589 [INFO]    âœ“ Generated 40 molecules
2025-06-01 10:31:23,590 [INFO]    âœ“ Diversity: 31/40 (77.50%)
2025-06-01 10:31:23,592 [INFO]    âœ“ Reward: Î¼=2.827, Ïƒ=0.249, max=3.084
2025-06-01 10:31:23,593 [INFO]    âœ“ Time: 6.6s
2025-06-01 10:31:23,595 [INFO] 
ðŸ“ˆ Final Optimization Summary:
2025-06-01 10:31:23,596 [INFO]    Iteration | Molecules | Unique | Mean Reward | Max Reward | Time
2025-06-01 10:31:23,597 [INFO]    ---------|-----------|--------|-------------|------------|-----
2025-06-01 10:31:23,599 [INFO]           1 |        40 |     12 |       2.478 |      2.990 | 20.9s
2025-06-01 10:31:23,600 [INFO]           2 |        40 |      8 |       2.576 |      2.990 | 10.2s
2025-06-01 10:31:23,601 [INFO]           3 |        40 |      7 |       2.571 |      2.831 |  9.1s
2025-06-01 10:31:23,602 [INFO]           4 |        40 |     11 |       2.593 |      3.075 |  8.3s
2025-06-01 10:31:23,604 [INFO]           5 |        40 |     15 |       2.681 |      3.152 |  7.8s
2025-06-01 10:31:23,605 [INFO]           6 |        40 |     14 |       2.771 |      3.075 |  6.8s
2025-06-01 10:31:23,606 [INFO]           7 |        40 |     20 |       2.809 |      3.084 |  6.9s
2025-06-01 10:31:23,608 [INFO]           8 |        40 |     21 |       2.815 |      3.138 |  7.1s
2025-06-01 10:31:23,609 [INFO]           9 |        40 |     29 |       2.763 |      3.084 |  7.0s
2025-06-01 10:31:23,610 [INFO]          10 |        40 |     31 |       2.827 |      3.084 |  6.6s
2025-06-01 10:31:23,611 [INFO] 
   ðŸ’¡ Reward improvement: +0.349
2025-06-01 10:31:23,612 [INFO]    ðŸŽ¯ Final diversity: 77.50%
2025-06-01 10:31:23,613 [INFO]    â±ï¸  Total time: 90.7s
2025-06-01 10:31:23,615 [INFO] ðŸŽ‰ TamGenRL optimization complete!
2025-06-01 10:31:26,710 [INFO]    âœ“ Generated 40/40 valid SMILES
2025-06-01 10:31:26,711 [INFO] ðŸ“Š Optimizing latent space...
2025-06-01 10:31:28,015 [INFO]    âœ“ Saved results for iteration 7
2025-06-01 10:31:28,016 [INFO]    âœ“ Generated 40 molecules
2025-06-01 10:31:28,018 [INFO]    âœ“ Diversity: 17/40 (42.50%)
2025-06-01 10:31:28,019 [INFO]    âœ“ Reward: Î¼=2.838, Ïƒ=0.148, max=2.993
2025-06-01 10:31:28,020 [INFO]    âœ“ Time: 6.9s
2025-06-01 10:31:28,022 [INFO] 
ðŸ”„ Iteration 8/10 (Î±=0.182)
2025-06-01 10:31:28,024 [INFO] ðŸ”„ Generating from 40 latent vectors...
2025-06-01 10:31:33,219 [INFO]    âœ“ Generated 40/40 valid SMILES
2025-06-01 10:31:33,220 [INFO] ðŸ“Š Optimizing latent space...
2025-06-01 10:31:34,522 [INFO]    âœ“ Saved results for iteration 8
2025-06-01 10:31:34,523 [INFO]    âœ“ Generated 40 molecules
2025-06-01 10:31:34,525 [INFO]    âœ“ Diversity: 19/40 (47.50%)
2025-06-01 10:31:34,526 [INFO]    âœ“ Reward: Î¼=2.851, Ïƒ=0.147, max=3.208
2025-06-01 10:31:34,527 [INFO]    âœ“ Time: 6.5s
2025-06-01 10:31:34,528 [INFO] 
ðŸ”„ Iteration 9/10 (Î±=0.151)
2025-06-01 10:31:34,530 [INFO] ðŸ”„ Generating from 40 latent vectors...
2025-06-01 10:31:39,771 [INFO]    âœ“ Generated 40/40 valid SMILES
2025-06-01 10:31:39,773 [INFO] ðŸ“Š Optimizing latent space...
2025-06-01 10:31:40,935 [INFO]    âœ“ Saved results for iteration 9
2025-06-01 10:31:40,936 [INFO]    âœ“ Generated 40 molecules
2025-06-01 10:31:40,938 [INFO]    âœ“ Diversity: 27/40 (67.50%)
2025-06-01 10:31:40,939 [INFO]    âœ“ Reward: Î¼=2.822, Ïƒ=0.207, max=3.084
2025-06-01 10:31:40,941 [INFO]    âœ“ Time: 6.4s
2025-06-01 10:31:40,942 [INFO] 
ðŸ”„ Iteration 10/10 (Î±=0.120)
2025-06-01 10:31:40,943 [INFO] ðŸ”„ Generating from 40 latent vectors...
2025-06-01 10:31:45,995 [INFO]    âœ“ Generated 40/40 valid SMILES
2025-06-01 10:31:45,997 [INFO] ðŸ“Š Optimizing latent space...
2025-06-01 10:31:47,309 [INFO]    âœ“ Saved results for iteration 10
2025-06-01 10:31:47,310 [INFO]    âœ“ Generated 40 molecules
2025-06-01 10:31:47,312 [INFO]    âœ“ Diversity: 25/40 (62.50%)
2025-06-01 10:31:47,313 [INFO]    âœ“ Reward: Î¼=2.833, Ïƒ=0.214, max=3.087
2025-06-01 10:31:47,314 [INFO]    âœ“ Time: 6.4s
2025-06-01 10:31:47,316 [INFO] 
ðŸ“ˆ Final Optimization Summary:
2025-06-01 10:31:47,318 [INFO]    Iteration | Molecules | Unique | Mean Reward | Max Reward | Time
2025-06-01 10:31:47,319 [INFO]    ---------|-----------|--------|-------------|------------|-----
2025-06-01 10:31:47,320 [INFO]           1 |        40 |     12 |       2.478 |      2.990 | 21.7s
2025-06-01 10:31:47,321 [INFO]           2 |        40 |     14 |       2.529 |      2.881 |  9.2s
2025-06-01 10:31:47,323 [INFO]           3 |        40 |      9 |       2.609 |      3.082 |  9.5s
2025-06-01 10:31:47,324 [INFO]           4 |        40 |     11 |       2.662 |      2.883 |  7.9s
2025-06-01 10:31:47,325 [INFO]           5 |        40 |     18 |       2.698 |      3.205 |  8.3s
2025-06-01 10:31:47,327 [INFO]           6 |        40 |     12 |       2.747 |      3.075 |  6.8s
2025-06-01 10:31:47,328 [INFO]           7 |        40 |     17 |       2.838 |      2.993 |  6.9s
2025-06-01 10:31:47,329 [INFO]           8 |        40 |     19 |       2.851 |      3.208 |  6.5s
2025-06-01 10:31:47,331 [INFO]           9 |        40 |     27 |       2.822 |      3.084 |  6.4s
2025-06-01 10:31:47,332 [INFO]          10 |        40 |     25 |       2.833 |      3.087 |  6.4s
2025-06-01 10:31:47,333 [INFO] 
   ðŸ’¡ Reward improvement: +0.356
2025-06-01 10:31:47,335 [INFO]    ðŸŽ¯ Final diversity: 62.50%
2025-06-01 10:31:47,336 [INFO]    â±ï¸  Total time: 89.6s
2025-06-01 10:31:47,337 [INFO] ðŸŽ‰ TamGenRL optimization complete!
2025-06-01 10:41:12,725 [INFO] TamGenRL initialized on device: cuda:0
2025-06-01 10:41:12,726 [INFO] Detected latent dimension: 256
2025-06-01 10:41:16,523 [INFO] ðŸš€ Starting TamGenRL feedback loop optimization
2025-06-01 10:41:16,524 [INFO]    Target: 1000 molecules Ã— 10 iterations
2025-06-01 10:41:16,526 [INFO]    Device: cuda:0, Batch size: 4
2025-06-01 10:41:16,527 [INFO] 
ðŸ”„ Iteration 1/10 (Î±=0.400)
2025-06-01 10:41:16,528 [INFO] ðŸŒ± Generating initial molecules with TamGen...
2025-06-01 10:41:16,640 [INFO] ðŸ“¦ Stored protein input: torch.Size([2, 57])
2025-06-01 10:43:33,236 [INFO] ðŸš€ Starting TamGenRL feedback loop optimization
2025-06-01 10:43:33,237 [INFO]    Target: 1000 molecules Ã— 10 iterations
2025-06-01 10:43:33,238 [INFO]    Device: cuda:0, Batch size: 4
2025-06-01 10:43:33,240 [INFO] 
ðŸ”„ Iteration 1/10 (Î±=0.400)
2025-06-01 10:43:33,241 [INFO] ðŸŒ± Generating initial molecules with TamGen...
2025-06-01 10:43:51,382 [INFO]    âœ“ Generated 40 initial molecules
2025-06-01 10:43:51,383 [INFO]    âœ“ Diversity: 12/40 (30.00%)
2025-06-01 10:43:51,384 [WARNING] Low diversity detected (30.00% < 70.00%)
2025-06-01 10:43:51,385 [INFO] ðŸ“Š Optimizing latent space...
2025-06-01 10:43:53,323 [INFO]    âœ“ Saved results for iteration 1
2025-06-01 10:43:53,324 [INFO]    âœ“ Generated 40 molecules
2025-06-01 10:43:53,326 [INFO]    âœ“ Diversity: 12/40 (30.00%)
2025-06-01 10:43:53,327 [INFO]    âœ“ Reward: Î¼=2.478, Ïƒ=0.217, max=2.990
2025-06-01 10:43:53,328 [INFO]    âœ“ Time: 20.1s
2025-06-01 10:43:53,331 [INFO] 
ðŸ”„ Iteration 2/10 (Î±=0.369)
2025-06-01 10:43:53,332 [INFO] ðŸ”„ Generating from 40 latent vectors...
2025-06-01 10:44:03,146 [INFO]    âœ“ Generated 40/40 valid SMILES
2025-06-01 10:44:03,149 [INFO] ðŸ“Š Optimizing latent space...
2025-06-01 10:44:04,358 [INFO]    âœ“ Saved results for iteration 2
2025-06-01 10:44:04,359 [INFO]    âœ“ Generated 40 molecules
2025-06-01 10:44:04,359 [INFO]    âœ“ Diversity: 9/40 (22.50%)
2025-06-01 10:44:04,360 [INFO]    âœ“ Reward: Î¼=2.557, Ïƒ=0.124, max=2.990
2025-06-01 10:44:04,361 [INFO]    âœ“ Time: 11.0s
2025-06-01 10:44:04,362 [INFO] 
ðŸ”„ Iteration 3/10 (Î±=0.338)
2025-06-01 10:44:04,364 [INFO] ðŸ”„ Generating from 40 latent vectors...
2025-06-01 10:44:13,434 [INFO]    âœ“ Generated 40/40 valid SMILES
2025-06-01 10:44:13,437 [INFO] ðŸ“Š Optimizing latent space...
2025-06-01 10:44:14,630 [INFO]    âœ“ Saved results for iteration 3
2025-06-01 10:44:14,632 [INFO]    âœ“ Generated 40 molecules
2025-06-01 10:44:14,633 [INFO]    âœ“ Diversity: 8/40 (20.00%)
2025-06-01 10:44:14,634 [INFO]    âœ“ Reward: Î¼=2.533, Ïƒ=0.204, max=2.881
2025-06-01 10:44:14,636 [INFO]    âœ“ Time: 10.3s
2025-06-01 10:44:14,637 [INFO] 
ðŸ”„ Iteration 4/10 (Î±=0.307)
2025-06-01 10:44:14,639 [INFO] ðŸ”„ Generating from 40 latent vectors...
2025-06-01 10:44:23,631 [INFO]    âœ“ Generated 40/40 valid SMILES
2025-06-01 10:44:23,634 [INFO] ðŸ“Š Optimizing latent space...
2025-06-01 10:44:24,924 [INFO]    âœ“ Saved results for iteration 4
2025-06-01 10:44:24,925 [INFO]    âœ“ Generated 40 molecules
2025-06-01 10:44:24,927 [INFO]    âœ“ Diversity: 8/40 (20.00%)
2025-06-01 10:44:24,929 [INFO]    âœ“ Reward: Î¼=2.633, Ïƒ=0.109, max=2.914
2025-06-01 10:44:24,930 [INFO]    âœ“ Time: 10.3s
2025-06-01 10:44:24,932 [INFO] 
ðŸ”„ Iteration 5/10 (Î±=0.276)
2025-06-01 10:44:24,933 [INFO] ðŸ”„ Generating from 40 latent vectors...
2025-06-01 10:44:33,680 [INFO]    âœ“ Generated 40/40 valid SMILES
2025-06-01 10:44:33,681 [INFO] ðŸ“Š Optimizing latent space...
2025-06-01 10:44:34,937 [INFO]    âœ“ Saved results for iteration 5
2025-06-01 10:44:34,938 [INFO]    âœ“ Generated 40 molecules
2025-06-01 10:44:34,939 [INFO]    âœ“ Diversity: 17/40 (42.50%)
2025-06-01 10:44:34,941 [INFO]    âœ“ Reward: Î¼=2.619, Ïƒ=0.195, max=2.990
2025-06-01 10:44:34,943 [INFO]    âœ“ Time: 10.0s
2025-06-01 10:44:34,945 [INFO] 
ðŸ”„ Iteration 6/10 (Î±=0.244)
2025-06-01 10:44:34,946 [INFO] ðŸ”„ Generating from 40 latent vectors...
2025-06-01 10:44:42,742 [INFO]    âœ“ Generated 40/40 valid SMILES
2025-06-01 10:44:42,743 [INFO] ðŸ“Š Optimizing latent space...
2025-06-01 10:44:43,970 [INFO]    âœ“ Saved results for iteration 6
2025-06-01 10:44:43,971 [INFO]    âœ“ Generated 40 molecules
2025-06-01 10:44:43,972 [INFO]    âœ“ Diversity: 16/40 (40.00%)
2025-06-01 10:44:43,974 [INFO]    âœ“ Reward: Î¼=2.641, Ïƒ=0.187, max=2.984
2025-06-01 10:44:43,975 [INFO]    âœ“ Time: 9.0s
2025-06-01 10:44:43,977 [INFO] 
ðŸ”„ Iteration 7/10 (Î±=0.213)
2025-06-01 10:44:43,978 [INFO] ðŸ”„ Generating from 40 latent vectors...
2025-06-01 10:44:51,373 [INFO]    âœ“ Generated 40/40 valid SMILES
2025-06-01 10:44:51,376 [INFO] ðŸ“Š Optimizing latent space...
2025-06-01 10:44:52,572 [INFO]    âœ“ Saved results for iteration 7
2025-06-01 10:44:52,573 [INFO]    âœ“ Generated 40 molecules
2025-06-01 10:44:52,574 [INFO]    âœ“ Diversity: 22/40 (55.00%)
2025-06-01 10:44:52,576 [INFO]    âœ“ Reward: Î¼=2.600, Ïƒ=0.203, max=2.954
2025-06-01 10:44:52,577 [INFO]    âœ“ Time: 8.6s
2025-06-01 10:44:52,578 [INFO] 
ðŸ”„ Iteration 8/10 (Î±=0.182)
2025-06-01 10:44:52,581 [INFO] ðŸ”„ Generating from 40 latent vectors...
2025-06-01 10:44:58,606 [INFO]    âœ“ Generated 40/40 valid SMILES
2025-06-01 10:44:58,607 [INFO] ðŸ“Š Optimizing latent space...
2025-06-01 10:44:59,707 [INFO]    âœ“ Saved results for iteration 8
2025-06-01 10:44:59,708 [INFO]    âœ“ Generated 40 molecules
2025-06-01 10:44:59,710 [INFO]    âœ“ Diversity: 24/40 (60.00%)
2025-06-01 10:44:59,712 [INFO]    âœ“ Reward: Î¼=2.693, Ïƒ=0.184, max=2.993
2025-06-01 10:44:59,713 [INFO]    âœ“ Time: 7.1s
2025-06-01 10:44:59,715 [INFO] 
ðŸ”„ Iteration 9/10 (Î±=0.151)
2025-06-01 10:44:59,716 [INFO] ðŸ”„ Generating from 40 latent vectors...
2025-06-01 10:45:06,059 [INFO]    âœ“ Generated 40/40 valid SMILES
2025-06-01 10:45:06,060 [INFO] ðŸ“Š Optimizing latent space...
2025-06-01 10:45:07,164 [INFO]    âœ“ Saved results for iteration 9
2025-06-01 10:45:07,166 [INFO]    âœ“ Generated 40 molecules
2025-06-01 10:45:07,167 [INFO]    âœ“ Diversity: 23/40 (57.50%)
2025-06-01 10:45:07,169 [INFO]    âœ“ Reward: Î¼=2.677, Ïƒ=0.256, max=2.966
2025-06-01 10:45:07,170 [INFO]    âœ“ Time: 7.5s
2025-06-01 10:45:07,172 [INFO] 
ðŸ”„ Iteration 10/10 (Î±=0.120)
2025-06-01 10:45:07,173 [INFO] ðŸ”„ Generating from 40 latent vectors...
2025-06-01 10:45:13,558 [INFO]    âœ“ Generated 40/40 valid SMILES
2025-06-01 10:45:13,561 [INFO] ðŸ“Š Optimizing latent space...
2025-06-01 10:45:14,640 [INFO]    âœ“ Saved results for iteration 10
2025-06-01 10:45:14,641 [INFO]    âœ“ Generated 40 molecules
2025-06-01 10:45:14,643 [INFO]    âœ“ Diversity: 21/40 (52.50%)
2025-06-01 10:45:14,645 [INFO]    âœ“ Reward: Î¼=2.685, Ïƒ=0.168, max=2.926
2025-06-01 10:45:14,646 [INFO]    âœ“ Time: 7.5s
2025-06-01 10:45:14,648 [INFO] 
ðŸ“ˆ Final Optimization Summary:
2025-06-01 10:45:14,650 [INFO]    Iteration | Molecules | Unique | Mean Reward | Max Reward | Time
2025-06-01 10:45:14,653 [INFO]    ---------|-----------|--------|-------------|------------|-----
2025-06-01 10:45:14,655 [INFO]           1 |        40 |     12 |       2.478 |      2.990 | 20.1s
2025-06-01 10:45:14,656 [INFO]           2 |        40 |      9 |       2.557 |      2.990 | 11.0s
2025-06-01 10:45:14,658 [INFO]           3 |        40 |      8 |       2.533 |      2.881 | 10.3s
2025-06-01 10:45:14,659 [INFO]           4 |        40 |      8 |       2.633 |      2.914 | 10.3s
2025-06-01 10:45:14,660 [INFO]           5 |        40 |     17 |       2.619 |      2.990 | 10.0s
2025-06-01 10:45:14,662 [INFO]           6 |        40 |     16 |       2.641 |      2.984 |  9.0s
2025-06-01 10:45:14,663 [INFO]           7 |        40 |     22 |       2.600 |      2.954 |  8.6s
2025-06-01 10:45:14,664 [INFO]           8 |        40 |     24 |       2.693 |      2.993 |  7.1s
2025-06-01 10:45:14,666 [INFO]           9 |        40 |     23 |       2.677 |      2.966 |  7.4s
2025-06-01 10:45:14,667 [INFO]          10 |        40 |     21 |       2.685 |      2.926 |  7.5s
2025-06-01 10:45:14,669 [INFO] 
   ðŸ’¡ Reward improvement: +0.207
2025-06-01 10:45:14,671 [INFO]    ðŸŽ¯ Final diversity: 52.50%
2025-06-01 10:45:14,672 [INFO]    â±ï¸  Total time: 101.3s
2025-06-01 10:45:14,673 [INFO] ðŸŽ‰ TamGenRL optimization complete!
